<?xml version="1.0" encoding="UTF-8" standalone="yes"?><!DOCTYPE report PUBLIC "-//JACOCO//DTD Report 1.1//EN" "report.dtd"><report name="Activiti :: Spring Boot Starter"><sessioninfo id="maven-scks5-db6c5cac" start="1575460325614" dump="1575460389997"/><package name="org/activiti/spring/boot"><class name="org/activiti/spring/boot/ProcessDefinitionResourceFinderDescriptor" sourcefilename="ProcessDefinitionResourceFinderDescriptor.java"><method name="&lt;init&gt;" desc="(Lorg/activiti/spring/boot/ActivitiProperties;)V" line="28"><counter type="INSTRUCTION" missed="0" covered="6"/><counter type="LINE" missed="0" covered="3"/><counter type="COMPLEXITY" missed="0" covered="1"/><counter type="METHOD" missed="0" covered="1"/></method><method name="getLocationSuffixes" desc="()Ljava/util/List;" line="34"><counter type="INSTRUCTION" missed="0" covered="4"/><counter type="LINE" missed="0" covered="1"/><counter type="COMPLEXITY" missed="0" covered="1"/><counter type="METHOD" missed="0" covered="1"/></method><method name="getLocationPrefix" desc="()Ljava/lang/String;" line="39"><counter type="INSTRUCTION" missed="0" covered="4"/><counter type="LINE" missed="0" covered="1"/><counter type="COMPLEXITY" missed="0" covered="1"/><counter type="METHOD" missed="0" covered="1"/></method><method name="shouldLookUpResources" desc="()Z" line="44"><counter type="INSTRUCTION" missed="0" covered="4"/><counter type="LINE" missed="0" covered="1"/><counter type="COMPLEXITY" missed="0" covered="1"/><counter type="METHOD" missed="0" covered="1"/></method><method name="getMsgForEmptyResources" desc="()Ljava/lang/String;" line="49"><counter type="INSTRUCTION" missed="12" covered="0"/><counter type="LINE" missed="1" covered="0"/><counter type="COMPLEXITY" missed="1" covered="0"/><counter type="METHOD" missed="1" covered="0"/></method><method name="getMsgForResourcesFound" desc="(Ljava/util/List;)Ljava/lang/String;" line="54"><counter type="INSTRUCTION" missed="0" covered="9"/><counter type="LINE" missed="0" covered="1"/><counter type="COMPLEXITY" missed="0" covered="1"/><counter type="METHOD" missed="0" covered="1"/></method><method name="validate" desc="(Ljava/util/List;)V" line="60"><counter type="INSTRUCTION" missed="0" covered="1"/><counter type="LINE" missed="0" covered="1"/><counter type="COMPLEXITY" missed="0" covered="1"/><counter type="METHOD" missed="0" covered="1"/></method><counter type="INSTRUCTION" missed="12" covered="28"/><counter type="LINE" missed="1" covered="8"/><counter type="COMPLEXITY" missed="1" covered="6"/><counter type="METHOD" missed="1" covered="6"/><counter type="CLASS" missed="0" covered="1"/></class><class name="org/activiti/spring/boot/EndpointAutoConfiguration" sourcefilename="EndpointAutoConfiguration.java"><method name="&lt;init&gt;" desc="()V" line="27"><counter type="INSTRUCTION" missed="0" covered="3"/><counter type="LINE" missed="0" covered="1"/><counter type="COMPLEXITY" missed="0" covered="1"/><counter type="METHOD" missed="0" covered="1"/></method><method name="processEngineEndpoint" desc="(Lorg/activiti/engine/ProcessEngine;)Lorg/activiti/spring/boot/actuate/endpoint/ProcessEngineEndpoint;" line="32"><counter type="INSTRUCTION" missed="0" covered="5"/><counter type="LINE" missed="0" covered="1"/><counter type="COMPLEXITY" missed="0" covered="1"/><counter type="METHOD" missed="0" covered="1"/></method><counter type="INSTRUCTION" missed="0" covered="8"/><counter type="LINE" missed="0" covered="2"/><counter type="COMPLEXITY" missed="0" covered="2"/><counter type="METHOD" missed="0" covered="2"/><counter type="CLASS" missed="0" covered="1"/></class><class name="org/activiti/spring/boot/ActivitiProperties" sourcefilename="ActivitiProperties.java"><method name="&lt;init&gt;" desc="()V" line="24"><counter type="INSTRUCTION" missed="0" covered="59"/><counter type="LINE" missed="0" covered="16"/><counter type="COMPLEXITY" missed="0" covered="1"/><counter type="METHOD" missed="0" covered="1"/></method><method name="isAsyncExecutorActivate" desc="()Z" line="51"><counter type="INSTRUCTION" missed="0" covered="3"/><counter type="LINE" missed="0" covered="1"/><counter type="COMPLEXITY" missed="0" covered="1"/><counter type="METHOD" missed="0" covered="1"/></method><method name="setAsyncExecutorActivate" desc="(Z)V" line="55"><counter type="INSTRUCTION" missed="0" covered="4"/><counter type="LINE" missed="0" covered="2"/><counter type="COMPLEXITY" missed="0" covered="1"/><counter type="METHOD" missed="0" covered="1"/></method><method name="isCheckProcessDefinitions" desc="()Z" line="59"><counter type="INSTRUCTION" missed="0" covered="3"/><counter type="LINE" missed="0" covered="1"/><counter type="COMPLEXITY" missed="0" covered="1"/><counter type="METHOD" missed="0" covered="1"/></method><method name="setCheckProcessDefinitions" desc="(Z)V" line="63"><counter type="INSTRUCTION" missed="4" covered="0"/><counter type="LINE" missed="2" covered="0"/><counter type="COMPLEXITY" missed="1" covered="0"/><counter type="METHOD" missed="1" covered="0"/></method><method name="getDeploymentName" desc="()Ljava/lang/String;" line="67"><counter type="INSTRUCTION" missed="0" covered="3"/><counter type="LINE" missed="0" covered="1"/><counter type="COMPLEXITY" missed="0" covered="1"/><counter type="METHOD" missed="0" covered="1"/></method><method name="setDeploymentName" desc="(Ljava/lang/String;)V" line="71"><counter type="INSTRUCTION" missed="4" covered="0"/><counter type="LINE" missed="2" covered="0"/><counter type="COMPLEXITY" missed="1" covered="0"/><counter type="METHOD" missed="1" covered="0"/></method><method name="getDatabaseSchemaUpdate" desc="()Ljava/lang/String;" line="75"><counter type="INSTRUCTION" missed="0" covered="3"/><counter type="LINE" missed="0" covered="1"/><counter type="COMPLEXITY" missed="0" covered="1"/><counter type="METHOD" missed="0" covered="1"/></method><method name="setDatabaseSchemaUpdate" desc="(Ljava/lang/String;)V" line="79"><counter type="INSTRUCTION" missed="4" covered="0"/><counter type="LINE" missed="2" covered="0"/><counter type="COMPLEXITY" missed="1" covered="0"/><counter type="METHOD" missed="1" covered="0"/></method><method name="getDatabaseSchema" desc="()Ljava/lang/String;" line="83"><counter type="INSTRUCTION" missed="0" covered="3"/><counter type="LINE" missed="0" covered="1"/><counter type="COMPLEXITY" missed="0" covered="1"/><counter type="METHOD" missed="0" covered="1"/></method><method name="setDatabaseSchema" desc="(Ljava/lang/String;)V" line="87"><counter type="INSTRUCTION" missed="4" covered="0"/><counter type="LINE" missed="2" covered="0"/><counter type="COMPLEXITY" missed="1" covered="0"/><counter type="METHOD" missed="1" covered="0"/></method><method name="isDbHistoryUsed" desc="()Z" line="91"><counter type="INSTRUCTION" missed="0" covered="3"/><counter type="LINE" missed="0" covered="1"/><counter type="COMPLEXITY" missed="0" covered="1"/><counter type="METHOD" missed="0" covered="1"/></method><method name="setDbHistoryUsed" desc="(Z)V" line="95"><counter type="INSTRUCTION" missed="0" covered="4"/><counter type="LINE" missed="0" covered="2"/><counter type="COMPLEXITY" missed="0" covered="1"/><counter type="METHOD" missed="0" covered="1"/></method><method name="getHistoryLevel" desc="()Lorg/activiti/engine/impl/history/HistoryLevel;" line="99"><counter type="INSTRUCTION" missed="0" covered="3"/><counter type="LINE" missed="0" covered="1"/><counter type="COMPLEXITY" missed="0" covered="1"/><counter type="METHOD" missed="0" covered="1"/></method><method name="setHistoryLevel" desc="(Lorg/activiti/engine/impl/history/HistoryLevel;)V" line="103"><counter type="INSTRUCTION" missed="0" covered="4"/><counter type="LINE" missed="0" covered="2"/><counter type="COMPLEXITY" missed="0" covered="1"/><counter type="METHOD" missed="0" covered="1"/></method><method name="getProcessDefinitionLocationPrefix" desc="()Ljava/lang/String;" line="107"><counter type="INSTRUCTION" missed="0" covered="3"/><counter type="LINE" missed="0" covered="1"/><counter type="COMPLEXITY" missed="0" covered="1"/><counter type="METHOD" missed="0" covered="1"/></method><method name="setProcessDefinitionLocationPrefix" desc="(Ljava/lang/String;)V" line="112"><counter type="INSTRUCTION" missed="4" covered="0"/><counter type="LINE" missed="2" covered="0"/><counter type="COMPLEXITY" missed="1" covered="0"/><counter type="METHOD" missed="1" covered="0"/></method><method name="getProcessDefinitionLocationSuffixes" desc="()Ljava/util/List;" line="116"><counter type="INSTRUCTION" missed="0" covered="3"/><counter type="LINE" missed="0" covered="1"/><counter type="COMPLEXITY" missed="0" covered="1"/><counter type="METHOD" missed="0" covered="1"/></method><method name="setProcessDefinitionLocationSuffixes" desc="(Ljava/util/List;)V" line="121"><counter type="INSTRUCTION" missed="4" covered="0"/><counter type="LINE" missed="2" covered="0"/><counter type="COMPLEXITY" missed="1" covered="0"/><counter type="METHOD" missed="1" covered="0"/></method><method name="getMailServerHost" desc="()Ljava/lang/String;" line="125"><counter type="INSTRUCTION" missed="0" covered="3"/><counter type="LINE" missed="0" covered="1"/><counter type="COMPLEXITY" missed="0" covered="1"/><counter type="METHOD" missed="0" covered="1"/></method><method name="setMailServerHost" desc="(Ljava/lang/String;)V" line="129"><counter type="INSTRUCTION" missed="4" covered="0"/><counter type="LINE" missed="2" covered="0"/><counter type="COMPLEXITY" missed="1" covered="0"/><counter type="METHOD" missed="1" covered="0"/></method><method name="getMailServerPort" desc="()I" line="133"><counter type="INSTRUCTION" missed="0" covered="3"/><counter type="LINE" missed="0" covered="1"/><counter type="COMPLEXITY" missed="0" covered="1"/><counter type="METHOD" missed="0" covered="1"/></method><method name="setMailServerPort" desc="(I)V" line="137"><counter type="INSTRUCTION" missed="4" covered="0"/><counter type="LINE" missed="2" covered="0"/><counter type="COMPLEXITY" missed="1" covered="0"/><counter type="METHOD" missed="1" covered="0"/></method><method name="getMailServerUserName" desc="()Ljava/lang/String;" line="141"><counter type="INSTRUCTION" missed="0" covered="3"/><counter type="LINE" missed="0" covered="1"/><counter type="COMPLEXITY" missed="0" covered="1"/><counter type="METHOD" missed="0" covered="1"/></method><method name="setMailServerUserName" desc="(Ljava/lang/String;)V" line="145"><counter type="INSTRUCTION" missed="4" covered="0"/><counter type="LINE" missed="2" covered="0"/><counter type="COMPLEXITY" missed="1" covered="0"/><counter type="METHOD" missed="1" covered="0"/></method><method name="getMailServerPassword" desc="()Ljava/lang/String;" line="149"><counter type="INSTRUCTION" missed="0" covered="3"/><counter type="LINE" missed="0" covered="1"/><counter type="COMPLEXITY" missed="0" covered="1"/><counter type="METHOD" missed="0" covered="1"/></method><method name="setMailServerPassword" desc="(Ljava/lang/String;)V" line="153"><counter type="INSTRUCTION" missed="4" covered="0"/><counter type="LINE" missed="2" covered="0"/><counter type="COMPLEXITY" missed="1" covered="0"/><counter type="METHOD" missed="1" covered="0"/></method><method name="getMailServerDefaultFrom" desc="()Ljava/lang/String;" line="157"><counter type="INSTRUCTION" missed="0" covered="3"/><counter type="LINE" missed="0" covered="1"/><counter type="COMPLEXITY" missed="0" covered="1"/><counter type="METHOD" missed="0" covered="1"/></method><method name="setMailServerDefaultFrom" desc="(Ljava/lang/String;)V" line="161"><counter type="INSTRUCTION" missed="4" covered="0"/><counter type="LINE" missed="2" covered="0"/><counter type="COMPLEXITY" missed="1" covered="0"/><counter type="METHOD" missed="1" covered="0"/></method><method name="isMailServerUseSsl" desc="()Z" line="165"><counter type="INSTRUCTION" missed="0" covered="3"/><counter type="LINE" missed="0" covered="1"/><counter type="COMPLEXITY" missed="0" covered="1"/><counter type="METHOD" missed="0" covered="1"/></method><method name="setMailServerUseSsl" desc="(Z)V" line="169"><counter type="INSTRUCTION" missed="4" covered="0"/><counter type="LINE" missed="2" covered="0"/><counter type="COMPLEXITY" missed="1" covered="0"/><counter type="METHOD" missed="1" covered="0"/></method><method name="isMailServerUseTls" desc="()Z" line="173"><counter type="INSTRUCTION" missed="0" covered="3"/><counter type="LINE" missed="0" covered="1"/><counter type="COMPLEXITY" missed="0" covered="1"/><counter type="METHOD" missed="0" covered="1"/></method><method name="setMailServerUseTls" desc="(Z)V" line="177"><counter type="INSTRUCTION" missed="4" covered="0"/><counter type="LINE" missed="2" covered="0"/><counter type="COMPLEXITY" missed="1" covered="0"/><counter type="METHOD" missed="1" covered="0"/></method><method name="getCustomMybatisMappers" desc="()Ljava/util/List;" line="181"><counter type="INSTRUCTION" missed="0" covered="3"/><counter type="LINE" missed="0" covered="1"/><counter type="COMPLEXITY" missed="0" covered="1"/><counter type="METHOD" missed="0" covered="1"/></method><method name="setCustomMybatisMappers" desc="(Ljava/util/List;)V" line="185"><counter type="INSTRUCTION" missed="4" covered="0"/><counter type="LINE" missed="2" covered="0"/><counter type="COMPLEXITY" missed="1" covered="0"/><counter type="METHOD" missed="1" covered="0"/></method><method name="getCustomMybatisXMLMappers" desc="()Ljava/util/List;" line="189"><counter type="INSTRUCTION" missed="0" covered="3"/><counter type="LINE" missed="0" covered="1"/><counter type="COMPLEXITY" missed="0" covered="1"/><counter type="METHOD" missed="0" covered="1"/></method><method name="setCustomMybatisXMLMappers" desc="(Ljava/util/List;)V" line="193"><counter type="INSTRUCTION" missed="4" covered="0"/><counter type="LINE" missed="2" covered="0"/><counter type="COMPLEXITY" missed="1" covered="0"/><counter type="METHOD" missed="1" covered="0"/></method><method name="isUseStrongUuids" desc="()Z" line="197"><counter type="INSTRUCTION" missed="0" covered="3"/><counter type="LINE" missed="0" covered="1"/><counter type="COMPLEXITY" missed="0" covered="1"/><counter type="METHOD" missed="0" covered="1"/></method><method name="setUseStrongUuids" desc="(Z)V" line="201"><counter type="INSTRUCTION" missed="4" covered="0"/><counter type="LINE" missed="2" covered="0"/><counter type="COMPLEXITY" missed="1" covered="0"/><counter type="METHOD" missed="1" covered="0"/></method><method name="isCopyVariablesToLocalForTasks" desc="()Z" line="205"><counter type="INSTRUCTION" missed="0" covered="3"/><counter type="LINE" missed="0" covered="1"/><counter type="COMPLEXITY" missed="0" covered="1"/><counter type="METHOD" missed="0" covered="1"/></method><method name="setCopyVariablesToLocalForTasks" desc="(Z)V" line="209"><counter type="INSTRUCTION" missed="4" covered="0"/><counter type="LINE" missed="2" covered="0"/><counter type="COMPLEXITY" missed="1" covered="0"/><counter type="METHOD" missed="1" covered="0"/></method><method name="getDeploymentMode" desc="()Ljava/lang/String;" line="213"><counter type="INSTRUCTION" missed="0" covered="3"/><counter type="LINE" missed="0" covered="1"/><counter type="COMPLEXITY" missed="0" covered="1"/><counter type="METHOD" missed="0" covered="1"/></method><method name="setDeploymentMode" desc="(Ljava/lang/String;)V" line="217"><counter type="INSTRUCTION" missed="4" covered="0"/><counter type="LINE" missed="2" covered="0"/><counter type="COMPLEXITY" missed="1" covered="0"/><counter type="METHOD" missed="1" covered="0"/></method><method name="isSerializePOJOsInVariablesToJson" desc="()Z" line="221"><counter type="INSTRUCTION" missed="0" covered="3"/><counter type="LINE" missed="0" covered="1"/><counter type="COMPLEXITY" missed="0" covered="1"/><counter type="METHOD" missed="0" covered="1"/></method><method name="setSerializePOJOsInVariablesToJson" desc="(Z)V" line="225"><counter type="INSTRUCTION" missed="4" covered="0"/><counter type="LINE" missed="2" covered="0"/><counter type="COMPLEXITY" missed="1" covered="0"/><counter type="METHOD" missed="1" covered="0"/></method><method name="getJavaClassFieldForJackson" desc="()Ljava/lang/String;" line="229"><counter type="INSTRUCTION" missed="0" covered="3"/><counter type="LINE" missed="0" covered="1"/><counter type="COMPLEXITY" missed="0" covered="1"/><counter type="METHOD" missed="0" covered="1"/></method><method name="setJavaClassFieldForJackson" desc="(Ljava/lang/String;)V" line="233"><counter type="INSTRUCTION" missed="4" covered="0"/><counter type="LINE" missed="2" covered="0"/><counter type="COMPLEXITY" missed="1" covered="0"/><counter type="METHOD" missed="1" covered="0"/></method><counter type="INSTRUCTION" missed="80" covered="140"/><counter type="LINE" missed="40" covered="45"/><counter type="COMPLEXITY" missed="20" covered="27"/><counter type="METHOD" missed="20" covered="27"/><counter type="CLASS" missed="0" covered="1"/></class><class name="org/activiti/spring/boot/ActivitiMethodSecurityAutoConfiguration" sourcefilename="ActivitiMethodSecurityAutoConfiguration.java"><method name="&lt;init&gt;" desc="()V" line="14"><counter type="INSTRUCTION" missed="3" covered="0"/><counter type="LINE" missed="1" covered="0"/><counter type="COMPLEXITY" missed="1" covered="0"/><counter type="METHOD" missed="1" covered="0"/></method><counter type="INSTRUCTION" missed="3" covered="0"/><counter type="LINE" missed="1" covered="0"/><counter type="COMPLEXITY" missed="1" covered="0"/><counter type="METHOD" missed="1" covered="0"/><counter type="CLASS" missed="1" covered="0"/></class><class name="org/activiti/spring/boot/AbstractProcessEngineConfiguration" sourcefilename="AbstractProcessEngineConfiguration.java"><method name="&lt;init&gt;" desc="()V" line="30"><counter type="INSTRUCTION" missed="0" covered="3"/><counter type="LINE" missed="0" covered="1"/><counter type="COMPLEXITY" missed="0" covered="1"/><counter type="METHOD" missed="0" covered="1"/></method><method name="springProcessEngineBean" desc="(Lorg/activiti/spring/SpringProcessEngineConfiguration;)Lorg/activiti/spring/ProcessEngineFactoryBean;" line="33"><counter type="INSTRUCTION" missed="0" covered="9"/><counter type="LINE" missed="0" covered="3"/><counter type="COMPLEXITY" missed="0" covered="1"/><counter type="METHOD" missed="0" covered="1"/></method><method name="runtimeServiceBean" desc="(Lorg/activiti/engine/ProcessEngine;)Lorg/activiti/engine/RuntimeService;" line="39"><counter type="INSTRUCTION" missed="0" covered="3"/><counter type="LINE" missed="0" covered="1"/><counter type="COMPLEXITY" missed="0" covered="1"/><counter type="METHOD" missed="0" covered="1"/></method><method name="repositoryServiceBean" desc="(Lorg/activiti/engine/ProcessEngine;)Lorg/activiti/engine/RepositoryService;" line="43"><counter type="INSTRUCTION" missed="0" covered="3"/><counter type="LINE" missed="0" covered="1"/><counter type="COMPLEXITY" missed="0" covered="1"/><counter type="METHOD" missed="0" covered="1"/></method><method name="taskServiceBean" desc="(Lorg/activiti/engine/ProcessEngine;)Lorg/activiti/engine/TaskService;" line="47"><counter type="INSTRUCTION" missed="0" covered="3"/><counter type="LINE" missed="0" covered="1"/><counter type="COMPLEXITY" missed="0" covered="1"/><counter type="METHOD" missed="0" covered="1"/></method><method name="historyServiceBean" desc="(Lorg/activiti/engine/ProcessEngine;)Lorg/activiti/engine/HistoryService;" line="51"><counter type="INSTRUCTION" missed="0" covered="3"/><counter type="LINE" missed="0" covered="1"/><counter type="COMPLEXITY" missed="0" covered="1"/><counter type="METHOD" missed="0" covered="1"/></method><method name="managementServiceBeanBean" desc="(Lorg/activiti/engine/ProcessEngine;)Lorg/activiti/engine/ManagementService;" line="55"><counter type="INSTRUCTION" missed="0" covered="3"/><counter type="LINE" missed="0" covered="1"/><counter type="COMPLEXITY" missed="0" covered="1"/><counter type="METHOD" missed="0" covered="1"/></method><method name="integrationContextManagerBean" desc="(Lorg/activiti/engine/ProcessEngine;)Lorg/activiti/engine/impl/persistence/entity/integration/IntegrationContextManager;" line="59"><counter type="INSTRUCTION" missed="0" covered="4"/><counter type="LINE" missed="0" covered="1"/><counter type="COMPLEXITY" missed="0" covered="1"/><counter type="METHOD" missed="0" covered="1"/></method><method name="integrationContextServiceBean" desc="(Lorg/activiti/engine/ProcessEngine;)Lorg/activiti/engine/integration/IntegrationContextService;" line="63"><counter type="INSTRUCTION" missed="0" covered="4"/><counter type="LINE" missed="0" covered="1"/><counter type="COMPLEXITY" missed="0" covered="1"/><counter type="METHOD" missed="0" covered="1"/></method><counter type="INSTRUCTION" missed="0" covered="35"/><counter type="LINE" missed="0" covered="11"/><counter type="COMPLEXITY" missed="0" covered="9"/><counter type="METHOD" missed="0" covered="9"/><counter type="CLASS" missed="0" covered="1"/></class><class name="org/activiti/spring/boot/DefaultActivityBehaviorFactoryMappingConfigurer" sourcefilename="DefaultActivityBehaviorFactoryMappingConfigurer.java"><method name="&lt;init&gt;" desc="(Lorg/activiti/runtime/api/impl/VariablesMappingProvider;Lorg/activiti/spring/process/ProcessVariablesInitiator;Lorg/activiti/engine/impl/event/EventSubscriptionPayloadMappingProvider;)V" line="19"><counter type="INSTRUCTION" missed="0" covered="12"/><counter type="LINE" missed="0" covered="5"/><counter type="COMPLEXITY" missed="0" covered="1"/><counter type="METHOD" missed="0" covered="1"/></method><method name="configure" desc="(Lorg/activiti/spring/SpringProcessEngineConfiguration;)V" line="26"><counter type="INSTRUCTION" missed="0" covered="15"/><counter type="LINE" missed="0" covered="3"/><counter type="COMPLEXITY" missed="0" covered="1"/><counter type="METHOD" missed="0" covered="1"/></method><counter type="INSTRUCTION" missed="0" covered="27"/><counter type="LINE" missed="0" covered="8"/><counter type="COMPLEXITY" missed="0" covered="2"/><counter type="METHOD" missed="0" covered="2"/><counter type="CLASS" missed="0" covered="1"/></class><class name="org/activiti/spring/boot/ProcessEngineConfigurationConfigurer" sourcefilename="ProcessEngineConfigurationConfigurer.java"/><class name="org/activiti/spring/boot/AsyncExecutorProperties" sourcefilename="AsyncExecutorProperties.java"><method name="&lt;init&gt;" desc="()V" line="6"><counter type="INSTRUCTION" missed="0" covered="54"/><counter type="LINE" missed="0" covered="18"/><counter type="COMPLEXITY" missed="0" covered="1"/><counter type="METHOD" missed="0" covered="1"/></method><method name="getCorePoolSize" desc="()I" line="144"><counter type="INSTRUCTION" missed="0" covered="3"/><counter type="LINE" missed="0" covered="1"/><counter type="COMPLEXITY" missed="0" covered="1"/><counter type="METHOD" missed="0" covered="1"/></method><method name="setCorePoolSize" desc="(I)V" line="148"><counter type="INSTRUCTION" missed="0" covered="4"/><counter type="LINE" missed="0" covered="2"/><counter type="COMPLEXITY" missed="0" covered="1"/><counter type="METHOD" missed="0" covered="1"/></method><method name="getMaxPoolSize" desc="()I" line="152"><counter type="INSTRUCTION" missed="0" covered="3"/><counter type="LINE" missed="0" covered="1"/><counter type="COMPLEXITY" missed="0" covered="1"/><counter type="METHOD" missed="0" covered="1"/></method><method name="setMaxPoolSize" desc="(I)V" line="156"><counter type="INSTRUCTION" missed="0" covered="4"/><counter type="LINE" missed="0" covered="2"/><counter type="COMPLEXITY" missed="0" covered="1"/><counter type="METHOD" missed="0" covered="1"/></method><method name="getKeepAliveTime" desc="()J" line="160"><counter type="INSTRUCTION" missed="0" covered="3"/><counter type="LINE" missed="0" covered="1"/><counter type="COMPLEXITY" missed="0" covered="1"/><counter type="METHOD" missed="0" covered="1"/></method><method name="setKeepAliveTime" desc="(J)V" line="164"><counter type="INSTRUCTION" missed="0" covered="4"/><counter type="LINE" missed="0" covered="2"/><counter type="COMPLEXITY" missed="0" covered="1"/><counter type="METHOD" missed="0" covered="1"/></method><method name="getQueueSize" desc="()I" line="168"><counter type="INSTRUCTION" missed="0" covered="3"/><counter type="LINE" missed="0" covered="1"/><counter type="COMPLEXITY" missed="0" covered="1"/><counter type="METHOD" missed="0" covered="1"/></method><method name="setQueueSize" desc="(I)V" line="172"><counter type="INSTRUCTION" missed="0" covered="4"/><counter type="LINE" missed="0" covered="2"/><counter type="COMPLEXITY" missed="0" covered="1"/><counter type="METHOD" missed="0" covered="1"/></method><method name="getSecondsToWaitOnShutdown" desc="()J" line="176"><counter type="INSTRUCTION" missed="0" covered="3"/><counter type="LINE" missed="0" covered="1"/><counter type="COMPLEXITY" missed="0" covered="1"/><counter type="METHOD" missed="0" covered="1"/></method><method name="setSecondsToWaitOnShutdown" desc="(J)V" line="180"><counter type="INSTRUCTION" missed="0" covered="4"/><counter type="LINE" missed="0" covered="2"/><counter type="COMPLEXITY" missed="0" covered="1"/><counter type="METHOD" missed="0" covered="1"/></method><method name="isMessageQueueMode" desc="()Z" line="184"><counter type="INSTRUCTION" missed="0" covered="3"/><counter type="LINE" missed="0" covered="1"/><counter type="COMPLEXITY" missed="0" covered="1"/><counter type="METHOD" missed="0" covered="1"/></method><method name="setMessageQueueMode" desc="(Z)V" line="188"><counter type="INSTRUCTION" missed="0" covered="4"/><counter type="LINE" missed="0" covered="2"/><counter type="COMPLEXITY" missed="0" covered="1"/><counter type="METHOD" missed="0" covered="1"/></method><method name="getMaxTimerJobsPerAcquisition" desc="()I" line="192"><counter type="INSTRUCTION" missed="0" covered="3"/><counter type="LINE" missed="0" covered="1"/><counter type="COMPLEXITY" missed="0" covered="1"/><counter type="METHOD" missed="0" covered="1"/></method><method name="setMaxTimerJobsPerAcquisition" desc="(I)V" line="196"><counter type="INSTRUCTION" missed="0" covered="4"/><counter type="LINE" missed="0" covered="2"/><counter type="COMPLEXITY" missed="0" covered="1"/><counter type="METHOD" missed="0" covered="1"/></method><method name="getMaxAsyncJobsDuePerAcquisition" desc="()I" line="200"><counter type="INSTRUCTION" missed="0" covered="3"/><counter type="LINE" missed="0" covered="1"/><counter type="COMPLEXITY" missed="0" covered="1"/><counter type="METHOD" missed="0" covered="1"/></method><method name="setMaxAsyncJobsDuePerAcquisition" desc="(I)V" line="204"><counter type="INSTRUCTION" missed="0" covered="4"/><counter type="LINE" missed="0" covered="2"/><counter type="COMPLEXITY" missed="0" covered="1"/><counter type="METHOD" missed="0" covered="1"/></method><method name="getDefaultTimerJobAcquireWaitTimeInMillis" desc="()I" line="208"><counter type="INSTRUCTION" missed="0" covered="3"/><counter type="LINE" missed="0" covered="1"/><counter type="COMPLEXITY" missed="0" covered="1"/><counter type="METHOD" missed="0" covered="1"/></method><method name="setDefaultTimerJobAcquireWaitTimeInMillis" desc="(I)V" line="212"><counter type="INSTRUCTION" missed="0" covered="4"/><counter type="LINE" missed="0" covered="2"/><counter type="COMPLEXITY" missed="0" covered="1"/><counter type="METHOD" missed="0" covered="1"/></method><method name="getDefaultAsyncJobAcquireWaitTimeInMillis" desc="()I" line="216"><counter type="INSTRUCTION" missed="0" covered="3"/><counter type="LINE" missed="0" covered="1"/><counter type="COMPLEXITY" missed="0" covered="1"/><counter type="METHOD" missed="0" covered="1"/></method><method name="setDefaultAsyncJobAcquireWaitTimeInMillis" desc="(I)V" line="220"><counter type="INSTRUCTION" missed="0" covered="4"/><counter type="LINE" missed="0" covered="2"/><counter type="COMPLEXITY" missed="0" covered="1"/><counter type="METHOD" missed="0" covered="1"/></method><method name="getDefaultQueueSizeFullWaitTime" desc="()I" line="224"><counter type="INSTRUCTION" missed="0" covered="3"/><counter type="LINE" missed="0" covered="1"/><counter type="COMPLEXITY" missed="0" covered="1"/><counter type="METHOD" missed="0" covered="1"/></method><method name="setDefaultQueueSizeFullWaitTime" desc="(I)V" line="228"><counter type="INSTRUCTION" missed="0" covered="4"/><counter type="LINE" missed="0" covered="2"/><counter type="COMPLEXITY" missed="0" covered="1"/><counter type="METHOD" missed="0" covered="1"/></method><method name="getTimerLockTimeInMillis" desc="()I" line="232"><counter type="INSTRUCTION" missed="0" covered="3"/><counter type="LINE" missed="0" covered="1"/><counter type="COMPLEXITY" missed="0" covered="1"/><counter type="METHOD" missed="0" covered="1"/></method><method name="setTimerLockTimeInMillis" desc="(I)V" line="236"><counter type="INSTRUCTION" missed="0" covered="4"/><counter type="LINE" missed="0" covered="2"/><counter type="COMPLEXITY" missed="0" covered="1"/><counter type="METHOD" missed="0" covered="1"/></method><method name="getAsyncJobLockTimeInMillis" desc="()I" line="240"><counter type="INSTRUCTION" missed="0" covered="3"/><counter type="LINE" missed="0" covered="1"/><counter type="COMPLEXITY" missed="0" covered="1"/><counter type="METHOD" missed="0" covered="1"/></method><method name="setAsyncJobLockTimeInMillis" desc="(I)V" line="244"><counter type="INSTRUCTION" missed="0" covered="4"/><counter type="LINE" missed="0" covered="2"/><counter type="COMPLEXITY" missed="0" covered="1"/><counter type="METHOD" missed="0" covered="1"/></method><method name="getRetryWaitTimeInMillis" desc="()I" line="248"><counter type="INSTRUCTION" missed="0" covered="3"/><counter type="LINE" missed="0" covered="1"/><counter type="COMPLEXITY" missed="0" covered="1"/><counter type="METHOD" missed="0" covered="1"/></method><method name="setRetryWaitTimeInMillis" desc="(I)V" line="252"><counter type="INSTRUCTION" missed="0" covered="4"/><counter type="LINE" missed="0" covered="2"/><counter type="COMPLEXITY" missed="0" covered="1"/><counter type="METHOD" missed="0" covered="1"/></method><method name="getResetExpiredJobsInterval" desc="()I" line="256"><counter type="INSTRUCTION" missed="0" covered="3"/><counter type="LINE" missed="0" covered="1"/><counter type="COMPLEXITY" missed="0" covered="1"/><counter type="METHOD" missed="0" covered="1"/></method><method name="setResetExpiredJobsInterval" desc="(I)V" line="260"><counter type="INSTRUCTION" missed="0" covered="4"/><counter type="LINE" missed="0" covered="2"/><counter type="COMPLEXITY" missed="0" covered="1"/><counter type="METHOD" missed="0" covered="1"/></method><method name="getResetExpiredJobsPageSize" desc="()I" line="264"><counter type="INSTRUCTION" missed="0" covered="3"/><counter type="LINE" missed="0" covered="1"/><counter type="COMPLEXITY" missed="0" covered="1"/><counter type="METHOD" missed="0" covered="1"/></method><method name="setResetExpiredJobsPageSize" desc="(I)V" line="268"><counter type="INSTRUCTION" missed="0" covered="4"/><counter type="LINE" missed="0" covered="2"/><counter type="COMPLEXITY" missed="0" covered="1"/><counter type="METHOD" missed="0" covered="1"/></method><method name="getNumberOfRetries" desc="()I" line="272"><counter type="INSTRUCTION" missed="0" covered="3"/><counter type="LINE" missed="0" covered="1"/><counter type="COMPLEXITY" missed="0" covered="1"/><counter type="METHOD" missed="0" covered="1"/></method><method name="setNumberOfRetries" desc="(I)V" line="276"><counter type="INSTRUCTION" missed="0" covered="4"/><counter type="LINE" missed="0" covered="2"/><counter type="COMPLEXITY" missed="0" covered="1"/><counter type="METHOD" missed="0" covered="1"/></method><counter type="INSTRUCTION" missed="0" covered="173"/><counter type="LINE" missed="0" covered="69"/><counter type="COMPLEXITY" missed="0" covered="35"/><counter type="METHOD" missed="0" covered="35"/><counter type="CLASS" missed="0" covered="1"/></class><class name="org/activiti/spring/boot/AbstractProcessEngineAutoConfiguration" sourcefilename="AbstractProcessEngineAutoConfiguration.java"><method name="&lt;init&gt;" desc="()V" line="41"><counter type="INSTRUCTION" missed="0" covered="3"/><counter type="LINE" missed="0" covered="1"/><counter type="COMPLEXITY" missed="0" covered="1"/><counter type="METHOD" missed="0" covered="1"/></method><method name="springAsyncExecutor" desc="(Lorg/springframework/core/task/TaskExecutor;)Lorg/activiti/spring/SpringAsyncExecutor;" line="46"><counter type="INSTRUCTION" missed="0" covered="7"/><counter type="LINE" missed="0" covered="1"/><counter type="COMPLEXITY" missed="0" covered="1"/><counter type="METHOD" missed="0" covered="1"/></method><method name="springRejectedJobsHandler" desc="()Lorg/activiti/spring/SpringRejectedJobsHandler;" line="51"><counter type="INSTRUCTION" missed="0" covered="4"/><counter type="LINE" missed="0" covered="1"/><counter type="COMPLEXITY" missed="0" covered="1"/><counter type="METHOD" missed="0" covered="1"/></method><method name="getCustomMybatisMapperClasses" desc="(Ljava/util/List;)Ljava/util/Set;" line="55"><counter type="INSTRUCTION" missed="41" covered="0"/><counter type="BRANCH" missed="2" covered="0"/><counter type="LINE" missed="9" covered="0"/><counter type="COMPLEXITY" missed="2" covered="0"/><counter type="METHOD" missed="1" covered="0"/></method><method name="processEngine" desc="(Lorg/activiti/spring/SpringProcessEngineConfiguration;)Lorg/activiti/spring/ProcessEngineFactoryBean;" line="69"><counter type="INSTRUCTION" missed="0" covered="4"/><counter type="LINE" missed="0" covered="1"/><counter type="COMPLEXITY" missed="0" covered="1"/><counter type="METHOD" missed="0" covered="1"/></method><method name="runtimeServiceBean" desc="(Lorg/activiti/engine/ProcessEngine;)Lorg/activiti/engine/RuntimeService;" line="76"><counter type="INSTRUCTION" missed="0" covered="4"/><counter type="LINE" missed="0" covered="1"/><counter type="COMPLEXITY" missed="0" covered="1"/><counter type="METHOD" missed="0" covered="1"/></method><method name="repositoryServiceBean" desc="(Lorg/activiti/engine/ProcessEngine;)Lorg/activiti/engine/RepositoryService;" line="83"><counter type="INSTRUCTION" missed="0" covered="4"/><counter type="LINE" missed="0" covered="1"/><counter type="COMPLEXITY" missed="0" covered="1"/><counter type="METHOD" missed="0" covered="1"/></method><method name="taskServiceBean" desc="(Lorg/activiti/engine/ProcessEngine;)Lorg/activiti/engine/TaskService;" line="90"><counter type="INSTRUCTION" missed="0" covered="4"/><counter type="LINE" missed="0" covered="1"/><counter type="COMPLEXITY" missed="0" covered="1"/><counter type="METHOD" missed="0" covered="1"/></method><method name="historyServiceBean" desc="(Lorg/activiti/engine/ProcessEngine;)Lorg/activiti/engine/HistoryService;" line="97"><counter type="INSTRUCTION" missed="0" covered="4"/><counter type="LINE" missed="0" covered="1"/><counter type="COMPLEXITY" missed="0" covered="1"/><counter type="METHOD" missed="0" covered="1"/></method><method name="managementServiceBeanBean" desc="(Lorg/activiti/engine/ProcessEngine;)Lorg/activiti/engine/ManagementService;" line="104"><counter type="INSTRUCTION" missed="0" covered="4"/><counter type="LINE" missed="0" covered="1"/><counter type="COMPLEXITY" missed="0" covered="1"/><counter type="METHOD" missed="0" covered="1"/></method><method name="taskExecutor" desc="()Lorg/springframework/core/task/TaskExecutor;" line="110"><counter type="INSTRUCTION" missed="4" covered="0"/><counter type="LINE" missed="1" covered="0"/><counter type="COMPLEXITY" missed="1" covered="0"/><counter type="METHOD" missed="1" covered="0"/></method><method name="integrationContextManagerBean" desc="(Lorg/activiti/engine/ProcessEngine;)Lorg/activiti/engine/impl/persistence/entity/integration/IntegrationContextManager;" line="117"><counter type="INSTRUCTION" missed="0" covered="4"/><counter type="LINE" missed="0" covered="1"/><counter type="COMPLEXITY" missed="0" covered="1"/><counter type="METHOD" missed="0" covered="1"/></method><method name="integrationContextServiceBean" desc="(Lorg/activiti/engine/ProcessEngine;)Lorg/activiti/engine/integration/IntegrationContextService;" line="124"><counter type="INSTRUCTION" missed="0" covered="4"/><counter type="LINE" missed="0" covered="1"/><counter type="COMPLEXITY" missed="0" covered="1"/><counter type="METHOD" missed="0" covered="1"/></method><counter type="INSTRUCTION" missed="45" covered="46"/><counter type="BRANCH" missed="2" covered="0"/><counter type="LINE" missed="10" covered="11"/><counter type="COMPLEXITY" missed="3" covered="11"/><counter type="METHOD" missed="2" covered="11"/><counter type="CLASS" missed="0" covered="1"/></class><class name="org/activiti/spring/boot/ProcessEngineAutoConfiguration" sourcefilename="ProcessEngineAutoConfiguration.java"><method name="&lt;init&gt;" desc="(Lorg/activiti/api/runtime/shared/identity/UserGroupManager;)V" line="71"><counter type="INSTRUCTION" missed="0" covered="6"/><counter type="LINE" missed="0" covered="3"/><counter type="COMPLEXITY" missed="0" covered="1"/><counter type="METHOD" missed="0" covered="1"/></method><method name="springProcessEngineConfiguration" desc="(Ljavax/sql/DataSource;Lorg/springframework/transaction/PlatformTransactionManager;Lorg/activiti/spring/SpringAsyncExecutor;Lorg/activiti/spring/boot/ActivitiProperties;Lorg/activiti/spring/resources/ResourceFinder;Ljava/util/List;Lorg/activiti/core/common/spring/project/ProjectModelService;Ljava/util/List;Ljava/util/List;)Lorg/activiti/spring/SpringProcessEngineConfiguration;" line="88"><counter type="INSTRUCTION" missed="20" covered="159"/><counter type="BRANCH" missed="7" covered="9"/><counter type="LINE" missed="3" covered="38"/><counter type="COMPLEXITY" missed="7" covered="2"/><counter type="METHOD" missed="0" covered="1"/></method><method name="configureResources" desc="(Lorg/activiti/spring/resources/ResourceFinder;Ljava/util/List;Lorg/activiti/spring/SpringProcessEngineConfiguration;)V" line="155"><counter type="INSTRUCTION" missed="0" covered="29"/><counter type="BRANCH" missed="0" covered="2"/><counter type="LINE" missed="0" covered="6"/><counter type="COMPLEXITY" missed="0" covered="2"/><counter type="METHOD" missed="0" covered="1"/></method><method name="addAsyncPropertyValidator" desc="(Lorg/activiti/spring/boot/ActivitiProperties;Lorg/activiti/spring/SpringProcessEngineConfiguration;)V" line="165"><counter type="INSTRUCTION" missed="6" covered="29"/><counter type="BRANCH" missed="1" covered="3"/><counter type="LINE" missed="1" covered="9"/><counter type="COMPLEXITY" missed="1" covered="2"/><counter type="METHOD" missed="0" covered="1"/></method><method name="processDefinitionResourceFinderDescriptor" desc="(Lorg/activiti/spring/boot/ActivitiProperties;)Lorg/activiti/spring/boot/ProcessDefinitionResourceFinderDescriptor;" line="181"><counter type="INSTRUCTION" missed="0" covered="5"/><counter type="LINE" missed="0" covered="1"/><counter type="COMPLEXITY" missed="0" covered="1"/><counter type="METHOD" missed="0" covered="1"/></method><method name="processExtensionResourceFinderDescriptor" desc="(Lorg/activiti/spring/boot/ActivitiProperties;Ljava/lang/String;Ljava/lang/String;)Lorg/activiti/spring/process/ProcessExtensionResourceFinderDescriptor;" line="189"><counter type="INSTRUCTION" missed="0" covered="15"/><counter type="BRANCH" missed="1" covered="1"/><counter type="LINE" missed="0" covered="3"/><counter type="COMPLEXITY" missed="1" covered="1"/><counter type="METHOD" missed="0" covered="1"/></method><method name="processDeployedEventProducer" desc="(Lorg/activiti/engine/RepositoryService;Lorg/activiti/runtime/api/model/impl/APIProcessDefinitionConverter;Ljava/util/List;Lorg/springframework/context/ApplicationEventPublisher;)Lorg/activiti/spring/ProcessDeployedEventProducer;" line="202"><counter type="INSTRUCTION" missed="0" covered="12"/><counter type="LINE" missed="0" covered="3"/><counter type="COMPLEXITY" missed="0" covered="1"/><counter type="METHOD" missed="0" covered="1"/></method><method name="startMessageDeployedEventProducer" desc="(Lorg/activiti/engine/RepositoryService;Lorg/activiti/engine/ManagementService;Lorg/activiti/runtime/api/event/impl/StartMessageSubscriptionConverter;Lorg/activiti/runtime/api/model/impl/APIProcessDefinitionConverter;Ljava/util/List;Lorg/springframework/context/ApplicationEventPublisher;)Lorg/activiti/spring/StartMessageDeployedEventProducer;" line="217"><counter type="INSTRUCTION" missed="0" covered="10"/><counter type="LINE" missed="0" covered="1"/><counter type="COMPLEXITY" missed="0" covered="1"/><counter type="METHOD" missed="0" covered="1"/></method><method name="defaultActivityBehaviorFactoryMappingConfigurer" desc="(Lorg/activiti/runtime/api/impl/VariablesMappingProvider;Lorg/activiti/spring/process/ProcessVariablesInitiator;Lorg/activiti/engine/impl/event/EventSubscriptionPayloadMappingProvider;)Lorg/activiti/spring/boot/DefaultActivityBehaviorFactoryMappingConfigurer;" line="231"><counter type="INSTRUCTION" missed="0" covered="7"/><counter type="LINE" missed="0" covered="1"/><counter type="COMPLEXITY" missed="0" covered="1"/><counter type="METHOD" missed="0" covered="1"/></method><method name="asyncExecutorPropertiesConfigurer" desc="(Lorg/activiti/spring/boot/AsyncExecutorProperties;)Lorg/activiti/spring/boot/ProcessEngineConfigurationConfigurer;" line="239"><counter type="INSTRUCTION" missed="0" covered="3"/><counter type="LINE" missed="0" covered="1"/><counter type="COMPLEXITY" missed="0" covered="1"/><counter type="METHOD" missed="0" covered="1"/></method><method name="lambda$asyncExecutorPropertiesConfigurer$0" desc="(Lorg/activiti/spring/boot/AsyncExecutorProperties;Lorg/activiti/spring/SpringProcessEngineConfiguration;)V" line="240"><counter type="INSTRUCTION" missed="0" covered="86"/><counter type="LINE" missed="0" covered="18"/><counter type="COMPLEXITY" missed="0" covered="1"/><counter type="METHOD" missed="0" covered="1"/></method><counter type="INSTRUCTION" missed="26" covered="361"/><counter type="BRANCH" missed="9" covered="15"/><counter type="LINE" missed="4" covered="84"/><counter type="COMPLEXITY" missed="9" covered="14"/><counter type="METHOD" missed="0" covered="11"/><counter type="CLASS" missed="0" covered="1"/></class><class name="org/activiti/spring/boot/ActivitiMethodSecurityAutoConfiguration$ActivitiMethodSecurityConfiguration" sourcefilename="ActivitiMethodSecurityAutoConfiguration.java"><method name="&lt;init&gt;" desc="()V" line="20"><counter type="INSTRUCTION" missed="0" covered="3"/><counter type="LINE" missed="0" covered="1"/><counter type="COMPLEXITY" missed="0" covered="1"/><counter type="METHOD" missed="0" covered="1"/></method><counter type="INSTRUCTION" missed="0" covered="3"/><counter type="LINE" missed="0" covered="1"/><counter type="COMPLEXITY" missed="0" covered="1"/><counter type="METHOD" missed="0" covered="1"/><counter type="CLASS" missed="0" covered="1"/></class><sourcefile name="ActivitiProperties.java"><line nr="24" mi="0" ci="2" mb="0" cb="0"/><line nr="26" mi="0" ci="3" mb="0" cb="0"/><line nr="27" mi="0" ci="3" mb="0" cb="0"/><line nr="28" mi="0" ci="3" mb="0" cb="0"/><line nr="29" mi="0" ci="3" mb="0" cb="0"/><line nr="30" mi="0" ci="3" mb="0" cb="0"/><line nr="36" mi="0" ci="3" mb="0" cb="0"/><line nr="38" mi="0" ci="3" mb="0" cb="0"/><line nr="39" mi="0" ci="3" mb="0" cb="0"/><line nr="40" mi="0" ci="3" mb="0" cb="0"/><line nr="41" mi="0" ci="13" mb="0" cb="0"/><line nr="44" mi="0" ci="3" mb="0" cb="0"/><line nr="45" mi="0" ci="3" mb="0" cb="0"/><line nr="46" mi="0" ci="3" mb="0" cb="0"/><line nr="47" mi="0" ci="3" mb="0" cb="0"/><line nr="48" mi="0" ci="5" mb="0" cb="0"/><line nr="51" mi="0" ci="3" mb="0" cb="0"/><line nr="55" mi="0" ci="3" mb="0" cb="0"/><line nr="56" mi="0" ci="1" mb="0" cb="0"/><line nr="59" mi="0" ci="3" mb="0" cb="0"/><line nr="63" mi="3" ci="0" mb="0" cb="0"/><line nr="64" mi="1" ci="0" mb="0" cb="0"/><line nr="67" mi="0" ci="3" mb="0" cb="0"/><line nr="71" mi="3" ci="0" mb="0" cb="0"/><line nr="72" mi="1" ci="0" mb="0" cb="0"/><line nr="75" mi="0" ci="3" mb="0" cb="0"/><line nr="79" mi="3" ci="0" mb="0" cb="0"/><line nr="80" mi="1" ci="0" mb="0" cb="0"/><line nr="83" mi="0" ci="3" mb="0" cb="0"/><line nr="87" mi="3" ci="0" mb="0" cb="0"/><line nr="88" mi="1" ci="0" mb="0" cb="0"/><line nr="91" mi="0" ci="3" mb="0" cb="0"/><line nr="95" mi="0" ci="3" mb="0" cb="0"/><line nr="96" mi="0" ci="1" mb="0" cb="0"/><line nr="99" mi="0" ci="3" mb="0" cb="0"/><line nr="103" mi="0" ci="3" mb="0" cb="0"/><line nr="104" mi="0" ci="1" mb="0" cb="0"/><line nr="107" mi="0" ci="3" mb="0" cb="0"/><line nr="112" mi="3" ci="0" mb="0" cb="0"/><line nr="113" mi="1" ci="0" mb="0" cb="0"/><line nr="116" mi="0" ci="3" mb="0" cb="0"/><line nr="121" mi="3" ci="0" mb="0" cb="0"/><line nr="122" mi="1" ci="0" mb="0" cb="0"/><line nr="125" mi="0" ci="3" mb="0" cb="0"/><line nr="129" mi="3" ci="0" mb="0" cb="0"/><line nr="130" mi="1" ci="0" mb="0" cb="0"/><line nr="133" mi="0" ci="3" mb="0" cb="0"/><line nr="137" mi="3" ci="0" mb="0" cb="0"/><line nr="138" mi="1" ci="0" mb="0" cb="0"/><line nr="141" mi="0" ci="3" mb="0" cb="0"/><line nr="145" mi="3" ci="0" mb="0" cb="0"/><line nr="146" mi="1" ci="0" mb="0" cb="0"/><line nr="149" mi="0" ci="3" mb="0" cb="0"/><line nr="153" mi="3" ci="0" mb="0" cb="0"/><line nr="154" mi="1" ci="0" mb="0" cb="0"/><line nr="157" mi="0" ci="3" mb="0" cb="0"/><line nr="161" mi="3" ci="0" mb="0" cb="0"/><line nr="162" mi="1" ci="0" mb="0" cb="0"/><line nr="165" mi="0" ci="3" mb="0" cb="0"/><line nr="169" mi="3" ci="0" mb="0" cb="0"/><line nr="170" mi="1" ci="0" mb="0" cb="0"/><line nr="173" mi="0" ci="3" mb="0" cb="0"/><line nr="177" mi="3" ci="0" mb="0" cb="0"/><line nr="178" mi="1" ci="0" mb="0" cb="0"/><line nr="181" mi="0" ci="3" mb="0" cb="0"/><line nr="185" mi="3" ci="0" mb="0" cb="0"/><line nr="186" mi="1" ci="0" mb="0" cb="0"/><line nr="189" mi="0" ci="3" mb="0" cb="0"/><line nr="193" mi="3" ci="0" mb="0" cb="0"/><line nr="194" mi="1" ci="0" mb="0" cb="0"/><line nr="197" mi="0" ci="3" mb="0" cb="0"/><line nr="201" mi="3" ci="0" mb="0" cb="0"/><line nr="202" mi="1" ci="0" mb="0" cb="0"/><line nr="205" mi="0" ci="3" mb="0" cb="0"/><line nr="209" mi="3" ci="0" mb="0" cb="0"/><line nr="210" mi="1" ci="0" mb="0" cb="0"/><line nr="213" mi="0" ci="3" mb="0" cb="0"/><line nr="217" mi="3" ci="0" mb="0" cb="0"/><line nr="218" mi="1" ci="0" mb="0" cb="0"/><line nr="221" mi="0" ci="3" mb="0" cb="0"/><line nr="225" mi="3" ci="0" mb="0" cb="0"/><line nr="226" mi="1" ci="0" mb="0" cb="0"/><line nr="229" mi="0" ci="3" mb="0" cb="0"/><line nr="233" mi="3" ci="0" mb="0" cb="0"/><line nr="234" mi="1" ci="0" mb="0" cb="0"/><counter type="INSTRUCTION" missed="80" covered="140"/><counter type="LINE" missed="40" covered="45"/><counter type="COMPLEXITY" missed="20" covered="27"/><counter type="METHOD" missed="20" covered="27"/><counter type="CLASS" missed="0" covered="1"/></sourcefile><sourcefile name="AsyncExecutorProperties.java"><line nr="6" mi="0" ci="2" mb="0" cb="0"/><line nr="7" mi="0" ci="3" mb="0" cb="0"/><line nr="12" mi="0" ci="3" mb="0" cb="0"/><line nr="18" mi="0" ci="3" mb="0" cb="0"/><line nr="24" mi="0" ci="3" mb="0" cb="0"/><line nr="34" mi="0" ci="3" mb="0" cb="0"/><line nr="40" mi="0" ci="3" mb="0" cb="0"/><line nr="48" mi="0" ci="3" mb="0" cb="0"/><line nr="59" mi="0" ci="3" mb="0" cb="0"/><line nr="70" mi="0" ci="3" mb="0" cb="0"/><line nr="79" mi="0" ci="3" mb="0" cb="0"/><line nr="89" mi="0" ci="3" mb="0" cb="0"/><line nr="95" mi="0" ci="3" mb="0" cb="0"/><line nr="105" mi="0" ci="3" mb="0" cb="0"/><line nr="115" mi="0" ci="3" mb="0" cb="0"/><line nr="130" mi="0" ci="3" mb="0" cb="0"/><line nr="136" mi="0" ci="3" mb="0" cb="0"/><line nr="141" mi="0" ci="4" mb="0" cb="0"/><line nr="144" mi="0" ci="3" mb="0" cb="0"/><line nr="148" mi="0" ci="3" mb="0" cb="0"/><line nr="149" mi="0" ci="1" mb="0" cb="0"/><line nr="152" mi="0" ci="3" mb="0" cb="0"/><line nr="156" mi="0" ci="3" mb="0" cb="0"/><line nr="157" mi="0" ci="1" mb="0" cb="0"/><line nr="160" mi="0" ci="3" mb="0" cb="0"/><line nr="164" mi="0" ci="3" mb="0" cb="0"/><line nr="165" mi="0" ci="1" mb="0" cb="0"/><line nr="168" mi="0" ci="3" mb="0" cb="0"/><line nr="172" mi="0" ci="3" mb="0" cb="0"/><line nr="173" mi="0" ci="1" mb="0" cb="0"/><line nr="176" mi="0" ci="3" mb="0" cb="0"/><line nr="180" mi="0" ci="3" mb="0" cb="0"/><line nr="181" mi="0" ci="1" mb="0" cb="0"/><line nr="184" mi="0" ci="3" mb="0" cb="0"/><line nr="188" mi="0" ci="3" mb="0" cb="0"/><line nr="189" mi="0" ci="1" mb="0" cb="0"/><line nr="192" mi="0" ci="3" mb="0" cb="0"/><line nr="196" mi="0" ci="3" mb="0" cb="0"/><line nr="197" mi="0" ci="1" mb="0" cb="0"/><line nr="200" mi="0" ci="3" mb="0" cb="0"/><line nr="204" mi="0" ci="3" mb="0" cb="0"/><line nr="205" mi="0" ci="1" mb="0" cb="0"/><line nr="208" mi="0" ci="3" mb="0" cb="0"/><line nr="212" mi="0" ci="3" mb="0" cb="0"/><line nr="213" mi="0" ci="1" mb="0" cb="0"/><line nr="216" mi="0" ci="3" mb="0" cb="0"/><line nr="220" mi="0" ci="3" mb="0" cb="0"/><line nr="221" mi="0" ci="1" mb="0" cb="0"/><line nr="224" mi="0" ci="3" mb="0" cb="0"/><line nr="228" mi="0" ci="3" mb="0" cb="0"/><line nr="229" mi="0" ci="1" mb="0" cb="0"/><line nr="232" mi="0" ci="3" mb="0" cb="0"/><line nr="236" mi="0" ci="3" mb="0" cb="0"/><line nr="237" mi="0" ci="1" mb="0" cb="0"/><line nr="240" mi="0" ci="3" mb="0" cb="0"/><line nr="244" mi="0" ci="3" mb="0" cb="0"/><line nr="245" mi="0" ci="1" mb="0" cb="0"/><line nr="248" mi="0" ci="3" mb="0" cb="0"/><line nr="252" mi="0" ci="3" mb="0" cb="0"/><line nr="253" mi="0" ci="1" mb="0" cb="0"/><line nr="256" mi="0" ci="3" mb="0" cb="0"/><line nr="260" mi="0" ci="3" mb="0" cb="0"/><line nr="261" mi="0" ci="1" mb="0" cb="0"/><line nr="264" mi="0" ci="3" mb="0" cb="0"/><line nr="268" mi="0" ci="3" mb="0" cb="0"/><line nr="269" mi="0" ci="1" mb="0" cb="0"/><line nr="272" mi="0" ci="3" mb="0" cb="0"/><line nr="276" mi="0" ci="3" mb="0" cb="0"/><line nr="277" mi="0" ci="1" mb="0" cb="0"/><counter type="INSTRUCTION" missed="0" covered="173"/><counter type="LINE" missed="0" covered="69"/><counter type="COMPLEXITY" missed="0" covered="35"/><counter type="METHOD" missed="0" covered="35"/><counter type="CLASS" missed="0" covered="1"/></sourcefile><sourcefile name="ProcessEngineAutoConfiguration.java"><line nr="71" mi="0" ci="2" mb="0" cb="0"/><line nr="72" mi="0" ci="3" mb="0" cb="0"/><line nr="73" mi="0" ci="1" mb="0" cb="0"/><line nr="88" mi="0" ci="5" mb="0" cb="0"/><line nr="89" mi="0" ci="4" mb="0" cb="0"/><line nr="92" mi="0" ci="5" mb="0" cb="0"/><line nr="94" mi="0" ci="4" mb="0" cb="0"/><line nr="95" mi="0" ci="3" mb="0" cb="0"/><line nr="97" mi="0" ci="4" mb="0" cb="0"/><line nr="98" mi="0" ci="4" mb="0" cb="0"/><line nr="99" mi="0" ci="5" mb="0" cb="0"/><line nr="100" mi="0" ci="5" mb="0" cb="0"/><line nr="101" mi="0" ci="5" mb="0" cb="0"/><line nr="102" mi="0" ci="5" mb="0" cb="0"/><line nr="103" mi="0" ci="4" mb="0" cb="0"/><line nr="105" mi="0" ci="5" mb="0" cb="0"/><line nr="106" mi="0" ci="5" mb="0" cb="0"/><line nr="107" mi="0" ci="5" mb="0" cb="0"/><line nr="108" mi="0" ci="5" mb="0" cb="0"/><line nr="109" mi="0" ci="5" mb="0" cb="0"/><line nr="110" mi="0" ci="5" mb="0" cb="0"/><line nr="111" mi="0" ci="5" mb="0" cb="0"/><line nr="113" mi="0" ci="3" mb="1" cb="1"/><line nr="114" mi="0" ci="4" mb="0" cb="0"/><line nr="117" mi="0" ci="5" mb="0" cb="0"/><line nr="118" mi="0" ci="5" mb="0" cb="0"/><line nr="119" mi="0" ci="4" mb="0" cb="0"/><line nr="120" mi="0" ci="4" mb="0" cb="0"/><line nr="122" mi="0" ci="3" mb="1" cb="1"/><line nr="123" mi="6" ci="0" mb="0" cb="0"/><line nr="126" mi="0" ci="3" mb="1" cb="1"/><line nr="127" mi="7" ci="0" mb="0" cb="0"/><line nr="130" mi="0" ci="3" mb="1" cb="1"/><line nr="131" mi="7" ci="0" mb="0" cb="0"/><line nr="134" mi="0" ci="3" mb="1" cb="1"/><line nr="135" mi="0" ci="6" mb="0" cb="0"/><line nr="138" mi="0" ci="3" mb="1" cb="1"/><line nr="139" mi="0" ci="4" mb="0" cb="0"/><line nr="142" mi="0" ci="2" mb="1" cb="1"/><line nr="143" mi="0" ci="10" mb="0" cb="2"/><line nr="144" mi="0" ci="3" mb="0" cb="0"/><line nr="145" mi="0" ci="1" mb="0" cb="0"/><line nr="147" mi="0" ci="3" mb="0" cb="0"/><line nr="148" mi="0" ci="2" mb="0" cb="0"/><line nr="155" mi="0" ci="4" mb="0" cb="0"/><line nr="156" mi="0" ci="10" mb="0" cb="2"/><line nr="157" mi="0" ci="6" mb="0" cb="0"/><line nr="158" mi="0" ci="1" mb="0" cb="0"/><line nr="160" mi="0" ci="7" mb="0" cb="0"/><line nr="161" mi="0" ci="1" mb="0" cb="0"/><line nr="165" mi="0" ci="3" mb="0" cb="2"/><line nr="166" mi="0" ci="5" mb="0" cb="0"/><line nr="167" mi="0" ci="5" mb="0" cb="0"/><line nr="168" mi="0" ci="3" mb="1" cb="1"/><line nr="169" mi="0" ci="4" mb="0" cb="0"/><line nr="170" mi="0" ci="3" mb="0" cb="0"/><line nr="171" mi="0" ci="4" mb="0" cb="0"/><line nr="172" mi="0" ci="1" mb="0" cb="0"/><line nr="173" mi="6" ci="0" mb="0" cb="0"/><line nr="176" mi="0" ci="1" mb="0" cb="0"/><line nr="181" mi="0" ci="5" mb="0" cb="0"/><line nr="189" mi="0" ci="4" mb="1" cb="1"/><line nr="190" mi="0" ci="3" mb="0" cb="0"/><line nr="191" mi="0" ci="8" mb="0" cb="0"/><line nr="202" mi="0" ci="6" mb="0" cb="0"/><line nr="204" mi="0" ci="1" mb="0" cb="0"/><line nr="205" mi="0" ci="5" mb="0" cb="0"/><line nr="217" mi="0" ci="10" mb="0" cb="0"/><line nr="231" mi="0" ci="7" mb="0" cb="0"/><line nr="239" mi="0" ci="3" mb="0" cb="0"/><line nr="240" mi="0" ci="5" mb="0" cb="0"/><line nr="241" mi="0" ci="5" mb="0" cb="0"/><line nr="242" mi="0" ci="5" mb="0" cb="0"/><line nr="243" mi="0" ci="5" mb="0" cb="0"/><line nr="245" mi="0" ci="5" mb="0" cb="0"/><line nr="246" mi="0" ci="5" mb="0" cb="0"/><line nr="247" mi="0" ci="5" mb="0" cb="0"/><line nr="249" mi="0" ci="5" mb="0" cb="0"/><line nr="250" mi="0" ci="5" mb="0" cb="0"/><line nr="251" mi="0" ci="5" mb="0" cb="0"/><line nr="253" mi="0" ci="5" mb="0" cb="0"/><line nr="254" mi="0" ci="5" mb="0" cb="0"/><line nr="256" mi="0" ci="5" mb="0" cb="0"/><line nr="257" mi="0" ci="5" mb="0" cb="0"/><line nr="258" mi="0" ci="5" mb="0" cb="0"/><line nr="259" mi="0" ci="5" mb="0" cb="0"/><line nr="261" mi="0" ci="5" mb="0" cb="0"/><line nr="262" mi="0" ci="1" mb="0" cb="0"/><counter type="INSTRUCTION" missed="26" covered="361"/><counter type="BRANCH" missed="9" covered="15"/><counter type="LINE" missed="4" covered="84"/><counter type="COMPLEXITY" missed="9" covered="14"/><counter type="METHOD" missed="0" covered="11"/><counter type="CLASS" missed="0" covered="1"/></sourcefile><sourcefile name="ProcessDefinitionResourceFinderDescriptor.java"><line nr="28" mi="0" ci="2" mb="0" cb="0"/><line nr="29" mi="0" ci="3" mb="0" cb="0"/><line nr="30" mi="0" ci="1" mb="0" cb="0"/><line nr="34" mi="0" ci="4" mb="0" cb="0"/><line nr="39" mi="0" ci="4" mb="0" cb="0"/><line nr="44" mi="0" ci="4" mb="0" cb="0"/><line nr="49" mi="12" ci="0" mb="0" cb="0"/><line nr="54" mi="0" ci="9" mb="0" cb="0"/><line nr="60" mi="0" ci="1" mb="0" cb="0"/><counter type="INSTRUCTION" missed="12" covered="28"/><counter type="LINE" missed="1" covered="8"/><counter type="COMPLEXITY" missed="1" covered="6"/><counter type="METHOD" missed="1" covered="6"/><counter type="CLASS" missed="0" covered="1"/></sourcefile><sourcefile name="ActivitiMethodSecurityAutoConfiguration.java"><line nr="14" mi="3" ci="0" mb="0" cb="0"/><line nr="20" mi="0" ci="3" mb="0" cb="0"/><counter type="INSTRUCTION" missed="3" covered="3"/><counter type="LINE" missed="1" covered="1"/><counter type="COMPLEXITY" missed="1" covered="1"/><counter type="METHOD" missed="1" covered="1"/><counter type="CLASS" missed="1" covered="1"/></sourcefile><sourcefile name="AbstractProcessEngineAutoConfiguration.java"><line nr="41" mi="0" ci="3" mb="0" cb="0"/><line nr="46" mi="0" ci="7" mb="0" cb="0"/><line nr="51" mi="0" ci="4" mb="0" cb="0"/><line nr="55" mi="4" ci="0" mb="0" cb="0"/><line nr="56" mi="10" ci="0" mb="2" cb="0"/><line nr="58" mi="3" ci="0" mb="0" cb="0"/><line nr="59" mi="4" ci="0" mb="0" cb="0"/><line nr="60" mi="1" ci="0" mb="0" cb="0"/><line nr="61" mi="15" ci="0" mb="0" cb="0"/><line nr="62" mi="1" ci="0" mb="0" cb="0"/><line nr="63" mi="1" ci="0" mb="0" cb="0"/><line nr="64" mi="2" ci="0" mb="0" cb="0"/><line nr="69" mi="0" ci="4" mb="0" cb="0"/><line nr="76" mi="0" ci="4" mb="0" cb="0"/><line nr="83" mi="0" ci="4" mb="0" cb="0"/><line nr="90" mi="0" ci="4" mb="0" cb="0"/><line nr="97" mi="0" ci="4" mb="0" cb="0"/><line nr="104" mi="0" ci="4" mb="0" cb="0"/><line nr="110" mi="4" ci="0" mb="0" cb="0"/><line nr="117" mi="0" ci="4" mb="0" cb="0"/><line nr="124" mi="0" ci="4" mb="0" cb="0"/><counter type="INSTRUCTION" missed="45" covered="46"/><counter type="BRANCH" missed="2" covered="0"/><counter type="LINE" missed="10" covered="11"/><counter type="COMPLEXITY" missed="3" covered="11"/><counter type="METHOD" missed="2" covered="11"/><counter type="CLASS" missed="0" covered="1"/></sourcefile><sourcefile name="AbstractProcessEngineConfiguration.java"><line nr="30" mi="0" ci="3" mb="0" cb="0"/><line nr="33" mi="0" ci="4" mb="0" cb="0"/><line nr="34" mi="0" ci="3" mb="0" cb="0"/><line nr="35" mi="0" ci="2" mb="0" cb="0"/><line nr="39" mi="0" ci="3" mb="0" cb="0"/><line nr="43" mi="0" ci="3" mb="0" cb="0"/><line nr="47" mi="0" ci="3" mb="0" cb="0"/><line nr="51" mi="0" ci="3" mb="0" cb="0"/><line nr="55" mi="0" ci="3" mb="0" cb="0"/><line nr="59" mi="0" ci="4" mb="0" cb="0"/><line nr="63" mi="0" ci="4" mb="0" cb="0"/><counter type="INSTRUCTION" missed="0" covered="35"/><counter type="LINE" missed="0" covered="11"/><counter type="COMPLEXITY" missed="0" covered="9"/><counter type="METHOD" missed="0" covered="9"/><counter type="CLASS" missed="0" covered="1"/></sourcefile><sourcefile name="ProcessEngineConfigurationConfigurer.java"/><sourcefile name="DefaultActivityBehaviorFactoryMappingConfigurer.java"><line nr="19" mi="0" ci="2" mb="0" cb="0"/><line nr="20" mi="0" ci="3" mb="0" cb="0"/><line nr="21" mi="0" ci="3" mb="0" cb="0"/><line nr="22" mi="0" ci="3" mb="0" cb="0"/><line nr="23" mi="0" ci="1" mb="0" cb="0"/><line nr="26" mi="0" ci="4" mb="0" cb="0"/><line nr="28" mi="0" ci="10" mb="0" cb="0"/><line nr="30" mi="0" ci="1" mb="0" cb="0"/><counter type="INSTRUCTION" missed="0" covered="27"/><counter type="LINE" missed="0" covered="8"/><counter type="COMPLEXITY" missed="0" covered="2"/><counter type="METHOD" missed="0" covered="2"/><counter type="CLASS" missed="0" covered="1"/></sourcefile><sourcefile name="EndpointAutoConfiguration.java"><line nr="27" mi="0" ci="3" mb="0" cb="0"/><line nr="32" mi="0" ci="5" mb="0" cb="0"/><counter type="INSTRUCTION" missed="0" covered="8"/><counter type="LINE" missed="0" covered="2"/><counter type="COMPLEXITY" missed="0" covered="2"/><counter type="METHOD" missed="0" covered="2"/><counter type="CLASS" missed="0" covered="1"/></sourcefile><counter type="INSTRUCTION" missed="166" covered="821"/><counter type="BRANCH" missed="11" covered="15"/><counter type="LINE" missed="56" covered="239"/><counter type="COMPLEXITY" missed="34" covered="107"/><counter type="METHOD" missed="24" covered="104"/><counter type="CLASS" missed="1" covered="9"/></package><package name="org/activiti/spring"><class name="org/activiti/spring/AbstractActivitiSmartLifeCycle" sourcefilename="AbstractActivitiSmartLifeCycle.java"><method name="&lt;init&gt;" desc="()V" line="12"><counter type="INSTRUCTION" missed="0" covered="17"/><counter type="LINE" missed="0" covered="6"/><counter type="COMPLEXITY" missed="0" covered="1"/><counter type="METHOD" missed="0" covered="1"/></method><method name="setAutoStartup" desc="(Z)V" line="31"><counter type="INSTRUCTION" missed="4" covered="0"/><counter type="LINE" missed="2" covered="0"/><counter type="COMPLEXITY" missed="1" covered="0"/><counter type="METHOD" missed="1" covered="0"/></method><method name="isAutoStartup" desc="()Z" line="40"><counter type="INSTRUCTION" missed="0" covered="3"/><counter type="LINE" missed="0" covered="1"/><counter type="COMPLEXITY" missed="0" covered="1"/><counter type="METHOD" missed="0" covered="1"/></method><method name="setPhase" desc="(I)V" line="51"><counter type="INSTRUCTION" missed="4" covered="0"/><counter type="LINE" missed="2" covered="0"/><counter type="COMPLEXITY" missed="1" covered="0"/><counter type="METHOD" missed="1" covered="0"/></method><method name="getPhase" desc="()I" line="59"><counter type="INSTRUCTION" missed="0" covered="3"/><counter type="LINE" missed="0" covered="1"/><counter type="COMPLEXITY" missed="0" covered="1"/><counter type="METHOD" missed="0" covered="1"/></method><method name="start" desc="()V" line="64"><counter type="INSTRUCTION" missed="0" covered="23"/><counter type="BRANCH" missed="1" covered="1"/><counter type="LINE" missed="0" covered="8"/><counter type="COMPLEXITY" missed="1" covered="1"/><counter type="METHOD" missed="0" covered="1"/></method><method name="stop" desc="()V" line="78"><counter type="INSTRUCTION" missed="0" covered="23"/><counter type="BRANCH" missed="0" covered="2"/><counter type="LINE" missed="0" covered="8"/><counter type="COMPLEXITY" missed="0" covered="2"/><counter type="METHOD" missed="0" covered="1"/></method><method name="stop" desc="(Ljava/lang/Runnable;)V" line="91"><counter type="INSTRUCTION" missed="0" covered="13"/><counter type="LINE" missed="0" covered="5"/><counter type="COMPLEXITY" missed="0" covered="1"/><counter type="METHOD" missed="0" covered="1"/></method><method name="isRunning" desc="()Z" line="99"><counter type="INSTRUCTION" missed="0" covered="3"/><counter type="LINE" missed="0" covered="1"/><counter type="COMPLEXITY" missed="0" covered="1"/><counter type="METHOD" missed="0" covered="1"/></method><method name="destroy" desc="()V" line="104"><counter type="INSTRUCTION" missed="0" covered="3"/><counter type="LINE" missed="0" covered="2"/><counter type="COMPLEXITY" missed="0" covered="1"/><counter type="METHOD" missed="0" covered="1"/></method><method name="&lt;clinit&gt;" desc="()V" line="10"><counter type="INSTRUCTION" missed="0" covered="4"/><counter type="LINE" missed="0" covered="1"/><counter type="COMPLEXITY" missed="0" covered="1"/><counter type="METHOD" missed="0" covered="1"/></method><counter type="INSTRUCTION" missed="8" covered="92"/><counter type="BRANCH" missed="1" covered="3"/><counter type="LINE" missed="4" covered="33"/><counter type="COMPLEXITY" missed="3" covered="10"/><counter type="METHOD" missed="2" covered="9"/><counter type="CLASS" missed="0" covered="1"/></class><class name="org/activiti/spring/StartMessageDeployedEventProducer$FindStartMessageEventSubscriptions" sourcefilename="StartMessageDeployedEventProducer.java"><method name="&lt;init&gt;" desc="(Ljava/lang/String;)V" line="118"><counter type="INSTRUCTION" missed="0" covered="6"/><counter type="LINE" missed="0" covered="3"/><counter type="COMPLEXITY" missed="0" covered="1"/><counter type="METHOD" missed="0" covered="1"/></method><method name="execute" desc="(Lorg/activiti/engine/impl/interceptor/CommandContext;)Ljava/util/List;" line="123"><counter type="INSTRUCTION" missed="0" covered="23"/><counter type="LINE" missed="0" covered="7"/><counter type="COMPLEXITY" missed="0" covered="1"/><counter type="METHOD" missed="0" covered="1"/></method><method name="lambda$execute$0" desc="(Lorg/activiti/engine/impl/persistence/entity/MessageEventSubscriptionEntity;)Z" line="128"><counter type="INSTRUCTION" missed="1" covered="6"/><counter type="BRANCH" missed="1" covered="1"/><counter type="LINE" missed="0" covered="1"/><counter type="COMPLEXITY" missed="1" covered="1"/><counter type="METHOD" missed="0" covered="1"/></method><counter type="INSTRUCTION" missed="1" covered="35"/><counter type="BRANCH" missed="1" covered="1"/><counter type="LINE" missed="0" covered="10"/><counter type="COMPLEXITY" missed="1" covered="3"/><counter type="METHOD" missed="0" covered="3"/><counter type="CLASS" missed="0" covered="1"/></class><class name="org/activiti/spring/StartMessageDeployedEventProducer$DispatchStartMessageDeployedEvents" sourcefilename="StartMessageDeployedEventProducer.java"><method name="&lt;init&gt;" desc="(Lorg/activiti/spring/StartMessageDeployedEventProducer;Ljava/util/List;)V" line="99"><counter type="INSTRUCTION" missed="0" covered="9"/><counter type="LINE" missed="0" covered="3"/><counter type="COMPLEXITY" missed="0" covered="1"/><counter type="METHOD" missed="0" covered="1"/></method><method name="execute" desc="(Lorg/activiti/engine/impl/interceptor/CommandContext;)Ljava/lang/Void;" line="104"><counter type="INSTRUCTION" missed="14" covered="10"/><counter type="BRANCH" missed="1" covered="1"/><counter type="LINE" missed="3" covered="2"/><counter type="COMPLEXITY" missed="1" covered="1"/><counter type="METHOD" missed="0" covered="1"/></method><counter type="INSTRUCTION" missed="14" covered="19"/><counter type="BRANCH" missed="1" covered="1"/><counter type="LINE" missed="3" covered="5"/><counter type="COMPLEXITY" missed="1" covered="2"/><counter type="METHOD" missed="0" covered="2"/><counter type="CLASS" missed="0" covered="1"/></class><class name="org/activiti/spring/ProcessDeployedEventProducer" sourcefilename="ProcessDeployedEventProducer.java"><method name="&lt;init&gt;" desc="(Lorg/activiti/engine/RepositoryService;Lorg/activiti/runtime/api/model/impl/APIProcessDefinitionConverter;Ljava/util/List;Lorg/springframework/context/ApplicationEventPublisher;)V" line="46"><counter type="INSTRUCTION" missed="0" covered="15"/><counter type="LINE" missed="0" covered="6"/><counter type="COMPLEXITY" missed="0" covered="1"/><counter type="METHOD" missed="0" covered="1"/></method><method name="doStart" desc="()V" line="55"><counter type="INSTRUCTION" missed="17" covered="70"/><counter type="BRANCH" missed="1" covered="5"/><counter type="LINE" missed="2" covered="15"/><counter type="COMPLEXITY" missed="1" covered="3"/><counter type="METHOD" missed="0" covered="1"/></method><method name="doStop" desc="()V" line="80"><counter type="INSTRUCTION" missed="0" covered="1"/><counter type="LINE" missed="0" covered="1"/><counter type="COMPLEXITY" missed="0" covered="1"/><counter type="METHOD" missed="0" covered="1"/></method><counter type="INSTRUCTION" missed="17" covered="86"/><counter type="BRANCH" missed="1" covered="5"/><counter type="LINE" missed="2" covered="22"/><counter type="COMPLEXITY" missed="1" covered="5"/><counter type="METHOD" missed="0" covered="3"/><counter type="CLASS" missed="0" covered="1"/></class><class name="org/activiti/spring/StartMessageDeployedEventProducer" sourcefilename="StartMessageDeployedEventProducer.java"><method name="&lt;init&gt;" desc="(Lorg/activiti/engine/RepositoryService;Lorg/activiti/engine/ManagementService;Lorg/activiti/runtime/api/event/impl/StartMessageSubscriptionConverter;Lorg/activiti/runtime/api/model/impl/APIProcessDefinitionConverter;Ljava/util/List;Lorg/springframework/context/ApplicationEventPublisher;)V" line="57"><counter type="INSTRUCTION" missed="0" covered="21"/><counter type="LINE" missed="0" covered="8"/><counter type="COMPLEXITY" missed="0" covered="1"/><counter type="METHOD" missed="0" covered="1"/></method><method name="doStart" desc="()V" line="67"><counter type="INSTRUCTION" missed="0" covered="71"/><counter type="BRANCH" missed="1" covered="3"/><counter type="LINE" missed="0" covered="14"/><counter type="COMPLEXITY" missed="1" covered="2"/><counter type="METHOD" missed="0" covered="1"/></method><method name="doStop" desc="()V" line="93"><counter type="INSTRUCTION" missed="0" covered="1"/><counter type="LINE" missed="0" covered="1"/><counter type="COMPLEXITY" missed="0" covered="1"/><counter type="METHOD" missed="0" covered="1"/></method><method name="lambda$doStart$1" desc="(Lorg/activiti/api/runtime/model/impl/StartMessageDeploymentDefinitionImpl;)Lorg/activiti/api/runtime/event/impl/StartMessageDeployedEventImpl;" line="78"><counter type="INSTRUCTION" missed="0" covered="5"/><counter type="LINE" missed="0" covered="3"/><counter type="COMPLEXITY" missed="0" covered="1"/><counter type="METHOD" missed="0" covered="1"/></method><method name="lambda$doStart$0" desc="(Lorg/activiti/api/process/model/ProcessDefinition;Lorg/activiti/api/runtime/model/impl/StartMessageSubscriptionImpl;)Lorg/activiti/api/runtime/model/impl/StartMessageDeploymentDefinitionImpl;" line="74"><counter type="INSTRUCTION" missed="0" covered="7"/><counter type="LINE" missed="0" covered="4"/><counter type="COMPLEXITY" missed="0" covered="1"/><counter type="METHOD" missed="0" covered="1"/></method><method name="&lt;clinit&gt;" desc="()V" line="43"><counter type="INSTRUCTION" missed="0" covered="4"/><counter type="LINE" missed="0" covered="1"/><counter type="COMPLEXITY" missed="0" covered="1"/><counter type="METHOD" missed="0" covered="1"/></method><counter type="INSTRUCTION" missed="0" covered="109"/><counter type="BRANCH" missed="1" covered="3"/><counter type="LINE" missed="0" covered="29"/><counter type="COMPLEXITY" missed="1" covered="7"/><counter type="METHOD" missed="0" covered="6"/><counter type="CLASS" missed="0" covered="1"/></class><sourcefile name="ProcessDeployedEventProducer.java"><line nr="46" mi="0" ci="2" mb="0" cb="0"/><line nr="47" mi="0" ci="3" mb="0" cb="0"/><line nr="48" mi="0" ci="3" mb="0" cb="0"/><line nr="49" mi="0" ci="3" mb="0" cb="0"/><line nr="50" mi="0" ci="3" mb="0" cb="0"/><line nr="51" mi="0" ci="1" mb="0" cb="0"/><line nr="55" mi="0" ci="8" mb="0" cb="0"/><line nr="56" mi="0" ci="4" mb="0" cb="0"/><line nr="57" mi="0" ci="10" mb="0" cb="2"/><line nr="58" mi="0" ci="6" mb="0" cb="0"/><line nr="59" mi="0" ci="4" mb="0" cb="0"/><line nr="61" mi="0" ci="6" mb="0" cb="0"/><line nr="62" mi="0" ci="4" mb="0" cb="0"/><line nr="63" mi="0" ci="11" mb="0" cb="2"/><line nr="64" mi="0" ci="3" mb="0" cb="0"/><line nr="65" mi="0" ci="1" mb="0" cb="0"/><line nr="66" mi="1" ci="0" mb="0" cb="0"/><line nr="67" mi="16" ci="0" mb="0" cb="0"/><line nr="69" mi="0" ci="1" mb="0" cb="0"/><line nr="70" mi="0" ci="1" mb="0" cb="0"/><line nr="71" mi="0" ci="3" mb="1" cb="1"/><line nr="72" mi="0" ci="7" mb="0" cb="0"/><line nr="74" mi="0" ci="1" mb="0" cb="0"/><line nr="80" mi="0" ci="1" mb="0" cb="0"/><counter type="INSTRUCTION" missed="17" covered="86"/><counter type="BRANCH" missed="1" covered="5"/><counter type="LINE" missed="2" covered="22"/><counter type="COMPLEXITY" missed="1" covered="5"/><counter type="METHOD" missed="0" covered="3"/><counter type="CLASS" missed="0" covered="1"/></sourcefile><sourcefile name="StartMessageDeployedEventProducer.java"><line nr="43" mi="0" ci="4" mb="0" cb="0"/><line nr="57" mi="0" ci="2" mb="0" cb="0"/><line nr="58" mi="0" ci="3" mb="0" cb="0"/><line nr="59" mi="0" ci="3" mb="0" cb="0"/><line nr="60" mi="0" ci="3" mb="0" cb="0"/><line nr="61" mi="0" ci="3" mb="0" cb="0"/><line nr="62" mi="0" ci="3" mb="0" cb="0"/><line nr="63" mi="0" ci="3" mb="0" cb="0"/><line nr="64" mi="0" ci="1" mb="0" cb="0"/><line nr="67" mi="0" ci="8" mb="0" cb="0"/><line nr="68" mi="0" ci="4" mb="0" cb="0"/><line nr="70" mi="0" ci="10" mb="0" cb="2"/><line nr="71" mi="0" ci="9" mb="0" cb="0"/><line nr="72" mi="0" ci="4" mb="0" cb="0"/><line nr="73" mi="0" ci="6" mb="0" cb="0"/><line nr="74" mi="0" ci="5" mb="0" cb="0"/><line nr="75" mi="0" ci="2" mb="0" cb="0"/><line nr="76" mi="0" ci="1" mb="0" cb="0"/><line nr="77" mi="0" ci="1" mb="0" cb="0"/><line nr="78" mi="0" ci="6" mb="0" cb="0"/><line nr="79" mi="0" ci="1" mb="0" cb="0"/><line nr="80" mi="0" ci="1" mb="0" cb="0"/><line nr="81" mi="0" ci="4" mb="0" cb="0"/><line nr="82" mi="0" ci="1" mb="0" cb="0"/><line nr="84" mi="0" ci="9" mb="0" cb="0"/><line nr="86" mi="0" ci="3" mb="1" cb="1"/><line nr="87" mi="0" ci="7" mb="0" cb="0"/><line nr="89" mi="0" ci="1" mb="0" cb="0"/><line nr="93" mi="0" ci="1" mb="0" cb="0"/><line nr="99" mi="0" ci="5" mb="0" cb="0"/><line nr="100" mi="0" ci="3" mb="0" cb="0"/><line nr="101" mi="0" ci="1" mb="0" cb="0"/><line nr="104" mi="4" ci="8" mb="1" cb="1"/><line nr="105" mi="5" ci="0" mb="0" cb="0"/><line nr="106" mi="4" ci="0" mb="0" cb="0"/><line nr="107" mi="1" ci="0" mb="0" cb="0"/><line nr="109" mi="0" ci="2" mb="0" cb="0"/><line nr="118" mi="0" ci="2" mb="0" cb="0"/><line nr="119" mi="0" ci="3" mb="0" cb="0"/><line nr="120" mi="0" ci="1" mb="0" cb="0"/><line nr="123" mi="0" ci="9" mb="0" cb="0"/><line nr="124" mi="0" ci="1" mb="0" cb="0"/><line nr="125" mi="0" ci="1" mb="0" cb="0"/><line nr="126" mi="0" ci="3" mb="0" cb="0"/><line nr="127" mi="0" ci="5" mb="0" cb="0"/><line nr="128" mi="1" ci="7" mb="1" cb="1"/><line nr="129" mi="0" ci="3" mb="0" cb="0"/><counter type="INSTRUCTION" missed="15" covered="163"/><counter type="BRANCH" missed="3" covered="5"/><counter type="LINE" missed="3" covered="44"/><counter type="COMPLEXITY" missed="3" covered="12"/><counter type="METHOD" missed="0" covered="11"/><counter type="CLASS" missed="0" covered="3"/></sourcefile><sourcefile name="AbstractActivitiSmartLifeCycle.java"><line nr="10" mi="0" ci="4" mb="0" cb="0"/><line nr="12" mi="0" ci="5" mb="0" cb="0"/><line nr="13" mi="0" ci="3" mb="0" cb="0"/><line nr="14" mi="0" ci="3" mb="0" cb="0"/><line nr="15" mi="0" ci="3" mb="0" cb="0"/><line nr="17" mi="0" ci="2" mb="0" cb="0"/><line nr="18" mi="0" ci="1" mb="0" cb="0"/><line nr="31" mi="3" ci="0" mb="0" cb="0"/><line nr="32" mi="1" ci="0" mb="0" cb="0"/><line nr="40" mi="0" ci="3" mb="0" cb="0"/><line nr="51" mi="3" ci="0" mb="0" cb="0"/><line nr="52" mi="1" ci="0" mb="0" cb="0"/><line nr="59" mi="0" ci="3" mb="0" cb="0"/><line nr="64" mi="0" ci="5" mb="0" cb="0"/><line nr="65" mi="0" ci="3" mb="1" cb="1"/><line nr="66" mi="0" ci="3" mb="0" cb="0"/><line nr="68" mi="0" ci="2" mb="0" cb="0"/><line nr="70" mi="0" ci="3" mb="0" cb="0"/><line nr="71" mi="0" ci="3" mb="0" cb="0"/><line nr="73" mi="0" ci="3" mb="0" cb="0"/><line nr="74" mi="0" ci="1" mb="0" cb="0"/><line nr="78" mi="0" ci="5" mb="0" cb="0"/><line nr="79" mi="0" ci="3" mb="0" cb="2"/><line nr="80" mi="0" ci="3" mb="0" cb="0"/><line nr="81" mi="0" ci="2" mb="0" cb="0"/><line nr="83" mi="0" ci="3" mb="0" cb="0"/><line nr="84" mi="0" ci="3" mb="0" cb="0"/><line nr="86" mi="0" ci="3" mb="0" cb="0"/><line nr="87" mi="0" ci="1" mb="0" cb="0"/><line nr="91" mi="0" ci="5" mb="0" cb="0"/><line nr="92" mi="0" ci="2" mb="0" cb="0"/><line nr="93" mi="0" ci="2" mb="0" cb="0"/><line nr="94" mi="0" ci="3" mb="0" cb="0"/><line nr="95" mi="0" ci="1" mb="0" cb="0"/><line nr="99" mi="0" ci="3" mb="0" cb="0"/><line nr="104" mi="0" ci="2" mb="0" cb="0"/><line nr="105" mi="0" ci="1" mb="0" cb="0"/><counter type="INSTRUCTION" missed="8" covered="92"/><counter type="BRANCH" missed="1" covered="3"/><counter type="LINE" missed="4" covered="33"/><counter type="COMPLEXITY" missed="3" covered="10"/><counter type="METHOD" missed="2" covered="9"/><counter type="CLASS" missed="0" covered="1"/></sourcefile><counter type="INSTRUCTION" missed="40" covered="341"/><counter type="BRANCH" missed="5" covered="13"/><counter type="LINE" missed="9" covered="99"/><counter type="COMPLEXITY" missed="7" covered="27"/><counter type="METHOD" missed="2" covered="23"/><counter type="CLASS" missed="0" covered="5"/></package><package name="org/activiti/spring/boot/process/validation"><class name="org/activiti/spring/boot/process/validation/AsyncPropertyValidator" sourcefilename="AsyncPropertyValidator.java"><method name="&lt;init&gt;" desc="()V" line="17"><counter type="INSTRUCTION" missed="0" covered="3"/><counter type="LINE" missed="0" covered="1"/><counter type="COMPLEXITY" missed="0" covered="1"/><counter type="METHOD" missed="0" covered="1"/></method><method name="executeValidation" desc="(Lorg/activiti/bpmn/model/BpmnModel;Lorg/activiti/bpmn/model/Process;Ljava/util/List;)V" line="21"><counter type="INSTRUCTION" missed="0" covered="6"/><counter type="LINE" missed="0" covered="2"/><counter type="COMPLEXITY" missed="0" covered="1"/><counter type="METHOD" missed="0" covered="1"/></method><method name="validateFlowElementsInContainer" desc="(Lorg/activiti/bpmn/model/FlowElementsContainer;Ljava/util/List;Lorg/activiti/bpmn/model/Process;)V" line="25"><counter type="INSTRUCTION" missed="0" covered="51"/><counter type="BRANCH" missed="0" covered="10"/><counter type="LINE" missed="0" covered="10"/><counter type="COMPLEXITY" missed="0" covered="6"/><counter type="METHOD" missed="0" covered="1"/></method><method name="lambda$validateFlowElementsInContainer$0" desc="(Ljava/util/List;Lorg/activiti/bpmn/model/Process;Lorg/activiti/bpmn/model/FlowElement;Lorg/activiti/bpmn/model/EventDefinition;)V" line="37"><counter type="INSTRUCTION" missed="0" covered="26"/><counter type="BRANCH" missed="1" covered="5"/><counter type="LINE" missed="0" covered="5"/><counter type="COMPLEXITY" missed="1" covered="3"/><counter type="METHOD" missed="0" covered="1"/></method><counter type="INSTRUCTION" missed="0" covered="86"/><counter type="BRANCH" missed="1" covered="15"/><counter type="LINE" missed="0" covered="18"/><counter type="COMPLEXITY" missed="1" covered="11"/><counter type="METHOD" missed="0" covered="4"/><counter type="CLASS" missed="0" covered="1"/></class><sourcefile name="AsyncPropertyValidator.java"><line nr="17" mi="0" ci="3" mb="0" cb="0"/><line nr="21" mi="0" ci="5" mb="0" cb="0"/><line nr="22" mi="0" ci="1" mb="0" cb="0"/><line nr="25" mi="0" ci="11" mb="0" cb="2"/><line nr="26" mi="0" ci="3" mb="0" cb="2"/><line nr="27" mi="0" ci="3" mb="0" cb="0"/><line nr="28" mi="0" ci="5" mb="0" cb="0"/><line nr="31" mi="0" ci="7" mb="0" cb="4"/><line nr="32" mi="0" ci="7" mb="0" cb="0"/><line nr="35" mi="0" ci="3" mb="0" cb="2"/><line nr="36" mi="0" ci="10" mb="0" cb="0"/><line nr="37" mi="0" ci="3" mb="0" cb="2"/><line nr="38" mi="0" ci="8" mb="0" cb="0"/><line nr="39" mi="0" ci="7" mb="1" cb="3"/><line nr="40" mi="0" ci="7" mb="0" cb="0"/><line nr="42" mi="0" ci="1" mb="0" cb="0"/><line nr="44" mi="0" ci="1" mb="0" cb="0"/><line nr="45" mi="0" ci="1" mb="0" cb="0"/><counter type="INSTRUCTION" missed="0" covered="86"/><counter type="BRANCH" missed="1" covered="15"/><counter type="LINE" missed="0" covered="18"/><counter type="COMPLEXITY" missed="1" covered="11"/><counter type="METHOD" missed="0" covered="4"/><counter type="CLASS" missed="0" covered="1"/></sourcefile><counter type="INSTRUCTION" missed="0" covered="86"/><counter type="BRANCH" missed="1" covered="15"/><counter type="LINE" missed="0" covered="18"/><counter type="COMPLEXITY" missed="1" covered="11"/><counter type="METHOD" missed="0" covered="4"/><counter type="CLASS" missed="0" covered="1"/></package><package name="org/activiti/spring/boot/actuate/endpoint"><class name="org/activiti/spring/boot/actuate/endpoint/ProcessEngineEndpoint" sourcefilename="ProcessEngineEndpoint.java"><method name="&lt;init&gt;" desc="(Lorg/activiti/engine/ProcessEngine;)V" line="42"><counter type="INSTRUCTION" missed="0" covered="6"/><counter type="LINE" missed="0" covered="3"/><counter type="COMPLEXITY" missed="0" covered="1"/><counter type="METHOD" missed="0" covered="1"/></method><method name="invoke" desc="()Ljava/util/Map;" line="49"><counter type="INSTRUCTION" missed="224" covered="0"/><counter type="BRANCH" missed="8" covered="0"/><counter type="LINE" missed="35" covered="0"/><counter type="COMPLEXITY" missed="5" covered="0"/><counter type="METHOD" missed="1" covered="0"/></method><method name="secondsForDays" desc="(I)J" line="105"><counter type="INSTRUCTION" missed="11" covered="0"/><counter type="LINE" missed="3" covered="0"/><counter type="COMPLEXITY" missed="1" covered="0"/><counter type="METHOD" missed="1" covered="0"/></method><counter type="INSTRUCTION" missed="235" covered="6"/><counter type="BRANCH" missed="8" covered="0"/><counter type="LINE" missed="38" covered="3"/><counter type="COMPLEXITY" missed="6" covered="1"/><counter type="METHOD" missed="2" covered="1"/><counter type="CLASS" missed="0" covered="1"/></class><sourcefile name="ProcessEngineEndpoint.java"><line nr="42" mi="0" ci="2" mb="0" cb="0"/><line nr="43" mi="0" ci="3" mb="0" cb="0"/><line nr="44" mi="0" ci="1" mb="0" cb="0"/><line nr="49" mi="4" ci="0" mb="0" cb="0"/><line nr="52" mi="6" ci="0" mb="0" cb="0"/><line nr="53" mi="4" ci="0" mb="0" cb="0"/><line nr="56" mi="9" ci="0" mb="0" cb="0"/><line nr="57" mi="4" ci="0" mb="0" cb="0"/><line nr="58" mi="10" ci="0" mb="2" cb="0"/><line nr="59" mi="17" ci="0" mb="0" cb="0"/><line nr="60" mi="1" ci="0" mb="0" cb="0"/><line nr="61" mi="5" ci="0" mb="0" cb="0"/><line nr="65" mi="4" ci="0" mb="0" cb="0"/><line nr="66" mi="5" ci="0" mb="0" cb="0"/><line nr="68" mi="10" ci="0" mb="2" cb="0"/><line nr="69" mi="19" ci="0" mb="0" cb="0"/><line nr="70" mi="7" ci="0" mb="0" cb="0"/><line nr="71" mi="1" ci="0" mb="0" cb="0"/><line nr="72" mi="4" ci="0" mb="0" cb="0"/><line nr="73" mi="5" ci="0" mb="0" cb="0"/><line nr="75" mi="10" ci="0" mb="2" cb="0"/><line nr="76" mi="19" ci="0" mb="0" cb="0"/><line nr="77" mi="8" ci="0" mb="0" cb="0"/><line nr="78" mi="1" ci="0" mb="0" cb="0"/><line nr="81" mi="6" ci="0" mb="0" cb="0"/><line nr="82" mi="4" ci="0" mb="0" cb="0"/><line nr="83" mi="6" ci="0" mb="0" cb="0"/><line nr="84" mi="5" ci="0" mb="0" cb="0"/><line nr="87" mi="6" ci="0" mb="0" cb="0"/><line nr="88" mi="7" ci="0" mb="0" cb="0"/><line nr="89" mi="7" ci="0" mb="0" cb="0"/><line nr="92" mi="6" ci="0" mb="0" cb="0"/><line nr="93" mi="5" ci="0" mb="0" cb="0"/><line nr="96" mi="6" ci="0" mb="0" cb="0"/><line nr="97" mi="3" ci="0" mb="2" cb="0"/><line nr="98" mi="6" ci="0" mb="0" cb="0"/><line nr="99" mi="2" ci="0" mb="0" cb="0"/><line nr="101" mi="2" ci="0" mb="0" cb="0"/><line nr="105" mi="2" ci="0" mb="0" cb="0"/><line nr="106" mi="4" ci="0" mb="0" cb="0"/><line nr="107" mi="5" ci="0" mb="0" cb="0"/><counter type="INSTRUCTION" missed="235" covered="6"/><counter type="BRANCH" missed="8" covered="0"/><counter type="LINE" missed="38" covered="3"/><counter type="COMPLEXITY" missed="6" covered="1"/><counter type="METHOD" missed="2" covered="1"/><counter type="CLASS" missed="0" covered="1"/></sourcefile><counter type="INSTRUCTION" missed="235" covered="6"/><counter type="BRANCH" missed="8" covered="0"/><counter type="LINE" missed="38" covered="3"/><counter type="COMPLEXITY" missed="6" covered="1"/><counter type="METHOD" missed="2" covered="1"/><counter type="CLASS" missed="0" covered="1"/></package><package name="org/activiti/spring/integration"><class name="org/activiti/spring/integration/ActivitiInboundGateway" sourcefilename="ActivitiInboundGateway.java"><method name="&lt;init&gt;" desc="(Lorg/activiti/engine/ProcessEngine;[Ljava/lang/String;)V" line="37"><counter type="INSTRUCTION" missed="34" covered="0"/><counter type="LINE" missed="10" covered="0"/><counter type="COMPLEXITY" missed="1" covered="0"/><counter type="METHOD" missed="1" covered="0"/></method><method name="initializeDefaultPreservedHeaders" desc="()V" line="54"><counter type="INSTRUCTION" missed="19" covered="0"/><counter type="LINE" missed="4" covered="0"/><counter type="COMPLEXITY" missed="1" covered="0"/><counter type="METHOD" missed="1" covered="0"/></method><method name="execute" desc="(Lorg/activiti/spring/integration/IntegrationActivityBehavior;Lorg/activiti/engine/delegate/DelegateExecution;)V" line="61"><counter type="INSTRUCTION" missed="81" covered="0"/><counter type="BRANCH" missed="4" covered="0"/><counter type="LINE" missed="15" covered="0"/><counter type="COMPLEXITY" missed="3" covered="0"/><counter type="METHOD" missed="1" covered="0"/></method><method name="signal" desc="(Lorg/activiti/spring/integration/IntegrationActivityBehavior;Lorg/activiti/engine/delegate/DelegateExecution;Ljava/lang/String;Ljava/lang/Object;)V" line="81"><counter type="INSTRUCTION" missed="4" covered="0"/><counter type="LINE" missed="2" covered="0"/><counter type="COMPLEXITY" missed="1" covered="0"/><counter type="METHOD" missed="1" covered="0"/></method><counter type="INSTRUCTION" missed="138" covered="0"/><counter type="BRANCH" missed="4" covered="0"/><counter type="LINE" missed="31" covered="0"/><counter type="COMPLEXITY" missed="6" covered="0"/><counter type="METHOD" missed="4" covered="0"/><counter type="CLASS" missed="1" covered="0"/></class><class name="org/activiti/spring/integration/Activiti" sourcefilename="Activiti.java"><method name="&lt;init&gt;" desc="()V" line="25"><counter type="INSTRUCTION" missed="3" covered="0"/><counter type="LINE" missed="1" covered="0"/><counter type="COMPLEXITY" missed="1" covered="0"/><counter type="METHOD" missed="1" covered="0"/></method><method name="inboundGateway" desc="(Lorg/activiti/engine/ProcessEngine;[Ljava/lang/String;)Lorg/activiti/spring/integration/ActivitiInboundGateway;" line="32"><counter type="INSTRUCTION" missed="6" covered="0"/><counter type="LINE" missed="1" covered="0"/><counter type="COMPLEXITY" missed="1" covered="0"/><counter type="METHOD" missed="1" covered="0"/></method><method name="inboundGatewayActivityBehavior" desc="(Lorg/activiti/spring/integration/ActivitiInboundGateway;)Lorg/activiti/spring/integration/IntegrationActivityBehavior;" line="40"><counter type="INSTRUCTION" missed="5" covered="0"/><counter type="LINE" missed="1" covered="0"/><counter type="COMPLEXITY" missed="1" covered="0"/><counter type="METHOD" missed="1" covered="0"/></method><method name="signallingMessageHandler" desc="(Lorg/activiti/engine/ProcessEngine;)Lorg/springframework/messaging/MessageHandler;" line="49"><counter type="INSTRUCTION" missed="5" covered="0"/><counter type="LINE" missed="1" covered="0"/><counter type="COMPLEXITY" missed="1" covered="0"/><counter type="METHOD" missed="1" covered="0"/></method><counter type="INSTRUCTION" missed="19" covered="0"/><counter type="LINE" missed="4" covered="0"/><counter type="COMPLEXITY" missed="4" covered="0"/><counter type="METHOD" missed="4" covered="0"/><counter type="CLASS" missed="1" covered="0"/></class><class name="org/activiti/spring/integration/ProcessVariableHeaderMapper" sourcefilename="ProcessVariableHeaderMapper.java"><method name="&lt;init&gt;" desc="(Ljava/util/Set;)V" line="28"><counter type="INSTRUCTION" missed="13" covered="0"/><counter type="LINE" missed="4" covered="0"/><counter type="COMPLEXITY" missed="1" covered="0"/><counter type="METHOD" missed="1" covered="0"/></method><method name="fromHeaders" desc="(Lorg/springframework/messaging/MessageHeaders;Ljava/util/Map;)V" line="37"><counter type="INSTRUCTION" missed="7" covered="0"/><counter type="LINE" missed="2" covered="0"/><counter type="COMPLEXITY" missed="1" covered="0"/><counter type="METHOD" missed="1" covered="0"/></method><method name="toHeaders" desc="(Ljava/util/Map;)Ljava/util/Map;" line="42"><counter type="INSTRUCTION" missed="10" covered="0"/><counter type="LINE" missed="2" covered="0"/><counter type="COMPLEXITY" missed="1" covered="0"/><counter type="METHOD" missed="1" covered="0"/></method><method name="sync" desc="(Ljava/util/Set;Ljava/util/Map;Ljava/util/Map;)Ljava/util/Map;" line="53"><counter type="INSTRUCTION" missed="24" covered="0"/><counter type="BRANCH" missed="4" covered="0"/><counter type="LINE" missed="4" covered="0"/><counter type="COMPLEXITY" missed="3" covered="0"/><counter type="METHOD" missed="1" covered="0"/></method><counter type="INSTRUCTION" missed="54" covered="0"/><counter type="BRANCH" missed="4" covered="0"/><counter type="LINE" missed="12" covered="0"/><counter type="COMPLEXITY" missed="6" covered="0"/><counter type="METHOD" missed="4" covered="0"/><counter type="CLASS" missed="1" covered="0"/></class><class name="org/activiti/spring/integration/IntegrationActivityBehavior" sourcefilename="IntegrationActivityBehavior.java"><method name="&lt;init&gt;" desc="(Lorg/activiti/spring/integration/ActivitiInboundGateway;)V" line="22"><counter type="INSTRUCTION" missed="6" covered="0"/><counter type="LINE" missed="3" covered="0"/><counter type="COMPLEXITY" missed="1" covered="0"/><counter type="METHOD" missed="1" covered="0"/></method><method name="execute" desc="(Lorg/activiti/engine/delegate/DelegateExecution;)V" line="28"><counter type="INSTRUCTION" missed="6" covered="0"/><counter type="LINE" missed="2" covered="0"/><counter type="COMPLEXITY" missed="1" covered="0"/><counter type="METHOD" missed="1" covered="0"/></method><method name="leave" desc="(Lorg/activiti/engine/delegate/DelegateExecution;)V" line="33"><counter type="INSTRUCTION" missed="4" covered="0"/><counter type="LINE" missed="2" covered="0"/><counter type="COMPLEXITY" missed="1" covered="0"/><counter type="METHOD" missed="1" covered="0"/></method><method name="trigger" desc="(Lorg/activiti/engine/delegate/DelegateExecution;Ljava/lang/String;Ljava/lang/Object;)V" line="38"><counter type="INSTRUCTION" missed="8" covered="0"/><counter type="LINE" missed="2" covered="0"/><counter type="COMPLEXITY" missed="1" covered="0"/><counter type="METHOD" missed="1" covered="0"/></method><counter type="INSTRUCTION" missed="24" covered="0"/><counter type="LINE" missed="9" covered="0"/><counter type="COMPLEXITY" missed="4" covered="0"/><counter type="METHOD" missed="4" covered="0"/><counter type="CLASS" missed="1" covered="0"/></class><class name="org/activiti/spring/integration/Activiti$1" sourcefilename="Activiti.java"><method name="&lt;init&gt;" desc="(Lorg/activiti/engine/ProcessEngine;)V" line="49"><counter type="INSTRUCTION" missed="6" covered="0"/><counter type="LINE" missed="1" covered="0"/><counter type="COMPLEXITY" missed="1" covered="0"/><counter type="METHOD" missed="1" covered="0"/></method><method name="handleMessage" desc="(Lorg/springframework/messaging/Message;)V" line="52"><counter type="INSTRUCTION" missed="23" covered="0"/><counter type="BRANCH" missed="4" covered="0"/><counter type="LINE" missed="5" covered="0"/><counter type="COMPLEXITY" missed="3" covered="0"/><counter type="METHOD" missed="1" covered="0"/></method><counter type="INSTRUCTION" missed="29" covered="0"/><counter type="BRANCH" missed="4" covered="0"/><counter type="LINE" missed="6" covered="0"/><counter type="COMPLEXITY" missed="4" covered="0"/><counter type="METHOD" missed="2" covered="0"/><counter type="CLASS" missed="1" covered="0"/></class><sourcefile name="IntegrationActivityBehavior.java"><line nr="22" mi="2" ci="0" mb="0" cb="0"/><line nr="23" mi="3" ci="0" mb="0" cb="0"/><line nr="24" mi="1" ci="0" mb="0" cb="0"/><line nr="28" mi="5" ci="0" mb="0" cb="0"/><line nr="29" mi="1" ci="0" mb="0" cb="0"/><line nr="33" mi="3" ci="0" mb="0" cb="0"/><line nr="34" mi="1" ci="0" mb="0" cb="0"/><line nr="38" mi="7" ci="0" mb="0" cb="0"/><line nr="39" mi="1" ci="0" mb="0" cb="0"/><counter type="INSTRUCTION" missed="24" covered="0"/><counter type="LINE" missed="9" covered="0"/><counter type="COMPLEXITY" missed="4" covered="0"/><counter type="METHOD" missed="4" covered="0"/><counter type="CLASS" missed="1" covered="0"/></sourcefile><sourcefile name="ProcessVariableHeaderMapper.java"><line nr="28" mi="5" ci="0" mb="0" cb="0"/><line nr="30" mi="2" ci="0" mb="0" cb="0"/><line nr="31" mi="5" ci="0" mb="0" cb="0"/><line nr="32" mi="1" ci="0" mb="0" cb="0"/><line nr="37" mi="6" ci="0" mb="0" cb="0"/><line nr="38" mi="1" ci="0" mb="0" cb="0"/><line nr="42" mi="8" ci="0" mb="0" cb="0"/><line nr="46" mi="2" ci="0" mb="0" cb="0"/><line nr="53" mi="10" ci="0" mb="2" cb="0"/><line nr="54" mi="5" ci="0" mb="2" cb="0"/><line nr="55" mi="7" ci="0" mb="0" cb="0"/><line nr="56" mi="2" ci="0" mb="0" cb="0"/><counter type="INSTRUCTION" missed="54" covered="0"/><counter type="BRANCH" missed="4" covered="0"/><counter type="LINE" missed="12" covered="0"/><counter type="COMPLEXITY" missed="6" covered="0"/><counter type="METHOD" missed="4" covered="0"/><counter type="CLASS" missed="1" covered="0"/></sourcefile><sourcefile name="Activiti.java"><line nr="25" mi="3" ci="0" mb="0" cb="0"/><line nr="32" mi="6" ci="0" mb="0" cb="0"/><line nr="40" mi="5" ci="0" mb="0" cb="0"/><line nr="49" mi="11" ci="0" mb="0" cb="0"/><line nr="52" mi="5" ci="0" mb="2" cb="0"/><line nr="53" mi="9" ci="0" mb="0" cb="0"/><line nr="55" mi="3" ci="0" mb="2" cb="0"/><line nr="56" mi="5" ci="0" mb="0" cb="0"/><line nr="57" mi="1" ci="0" mb="0" cb="0"/><counter type="INSTRUCTION" missed="48" covered="0"/><counter type="BRANCH" missed="4" covered="0"/><counter type="LINE" missed="9" covered="0"/><counter type="COMPLEXITY" missed="8" covered="0"/><counter type="METHOD" missed="6" covered="0"/><counter type="CLASS" missed="2" covered="0"/></sourcefile><sourcefile name="ActivitiInboundGateway.java"><line nr="37" mi="3" ci="0" mb="0" cb="0"/><line nr="38" mi="3" ci="0" mb="0" cb="0"/><line nr="39" mi="3" ci="0" mb="0" cb="0"/><line nr="44" mi="5" ci="0" mb="0" cb="0"/><line nr="46" mi="2" ci="0" mb="0" cb="0"/><line nr="47" mi="5" ci="0" mb="0" cb="0"/><line nr="48" mi="3" ci="0" mb="0" cb="0"/><line nr="49" mi="7" ci="0" mb="0" cb="0"/><line nr="50" mi="2" ci="0" mb="0" cb="0"/><line nr="51" mi="1" ci="0" mb="0" cb="0"/><line nr="54" mi="6" ci="0" mb="0" cb="0"/><line nr="55" mi="6" ci="0" mb="0" cb="0"/><line nr="56" mi="6" ci="0" mb="0" cb="0"/><line nr="57" mi="1" ci="0" mb="0" cb="0"/><line nr="61" mi="4" ci="0" mb="0" cb="0"/><line nr="62" mi="7" ci="0" mb="0" cb="0"/><line nr="64" mi="7" ci="0" mb="0" cb="0"/><line nr="65" mi="7" ci="0" mb="0" cb="0"/><line nr="66" mi="7" ci="0" mb="0" cb="0"/><line nr="67" mi="5" ci="0" mb="0" cb="0"/><line nr="68" mi="5" ci="0" mb="0" cb="0"/><line nr="69" mi="3" ci="0" mb="2" cb="0"/><line nr="70" mi="4" ci="0" mb="0" cb="0"/><line nr="71" mi="6" ci="0" mb="0" cb="0"/><line nr="73" mi="11" ci="0" mb="2" cb="0"/><line nr="74" mi="10" ci="0" mb="0" cb="0"/><line nr="75" mi="1" ci="0" mb="0" cb="0"/><line nr="76" mi="3" ci="0" mb="0" cb="0"/><line nr="78" mi="1" ci="0" mb="0" cb="0"/><line nr="81" mi="3" ci="0" mb="0" cb="0"/><line nr="82" mi="1" ci="0" mb="0" cb="0"/><counter type="INSTRUCTION" missed="138" covered="0"/><counter type="BRANCH" missed="4" covered="0"/><counter type="LINE" missed="31" covered="0"/><counter type="COMPLEXITY" missed="6" covered="0"/><counter type="METHOD" missed="4" covered="0"/><counter type="CLASS" missed="1" covered="0"/></sourcefile><counter type="INSTRUCTION" missed="264" covered="0"/><counter type="BRANCH" missed="12" covered="0"/><counter type="LINE" missed="61" covered="0"/><counter type="COMPLEXITY" missed="24" covered="0"/><counter type="METHOD" missed="18" covered="0"/><counter type="CLASS" missed="5" covered="0"/></package><counter type="INSTRUCTION" missed="705" covered="1254"/><counter type="BRANCH" missed="37" covered="43"/><counter type="LINE" missed="164" covered="359"/><counter type="COMPLEXITY" missed="72" covered="146"/><counter type="METHOD" missed="46" covered="132"/><counter type="CLASS" missed="6" covered="16"/></report>